This is pdfTeX, Version 3.14159265-2.6-1.40.18 (MiKTeX 2.9.6400 64-bit) (preloaded format=pdflatex 2018.1.30)  10 SEP 2018 08:57
entering extended mode
**./main.tex
(main.tex
LaTeX2e <2017-04-15>
Babel <3.13> and hyphenation patterns for 76 language(s) loaded.
("C:\Program Files\MiKTeX 2.9\tex\latex\beamer\beamer.cls"
Document Class: beamer 2017/08/22 v3.43 A class for typesetting presentations
("C:\Program Files\MiKTeX 2.9\tex\latex\beamer\beamerbasemodes.sty"
("C:\Program Files\MiKTeX 2.9\tex\latex\etoolbox\etoolbox.sty"
Package: etoolbox 2017/01/02 v2.4 e-TeX tools for LaTeX (JAW)
\etb@tempcnta=\count79
)
\beamer@tempbox=\box26
\beamer@tempcount=\count80
\c@beamerpauses=\count81

("C:\Program Files\MiKTeX 2.9\tex\latex\beamer\beamerbasedecode.sty"
\beamer@slideinframe=\count82
\beamer@minimum=\count83
)
\beamer@commentbox=\box27
\beamer@modecount=\count84
)
("C:\Program Files\MiKTeX 2.9\tex\generic\oberdiek\ifpdf.sty"
Package: ifpdf 2017/03/15 v3.2 Provides the ifpdf switch
)
\headdp=\dimen102
\footheight=\dimen103
\sidebarheight=\dimen104
\beamer@tempdim=\dimen105
\beamer@finalheight=\dimen106
\beamer@animht=\dimen107
\beamer@animdp=\dimen108
\beamer@animwd=\dimen109
\beamer@leftmargin=\dimen110
\beamer@rightmargin=\dimen111
\beamer@leftsidebar=\dimen112
\beamer@rightsidebar=\dimen113
\beamer@boxsize=\dimen114
\beamer@vboxoffset=\dimen115
\beamer@descdefault=\dimen116
\beamer@descriptionwidth=\dimen117
\beamer@lastskip=\skip41
\beamer@areabox=\box28
\beamer@animcurrent=\box29
\beamer@animshowbox=\box30
\beamer@sectionbox=\box31
\beamer@logobox=\box32
\beamer@linebox=\box33
\beamer@sectioncount=\count85
\beamer@subsubsectionmax=\count86
\beamer@subsectionmax=\count87
\beamer@sectionmax=\count88
\beamer@totalheads=\count89
\beamer@headcounter=\count90
\beamer@partstartpage=\count91
\beamer@sectionstartpage=\count92
\beamer@subsectionstartpage=\count93
\beamer@animationtempa=\count94
\beamer@animationtempb=\count95
\beamer@xpos=\count96
\beamer@ypos=\count97
\beamer@showpartnumber=\count98
\beamer@currentsubsection=\count99
\beamer@coveringdepth=\count100
\beamer@sectionadjust=\count101
\beamer@tocsectionnumber=\count102

("C:\Program Files\MiKTeX 2.9\tex\latex\beamer\beamerbaseoptions.sty"
("C:\Program Files\MiKTeX 2.9\tex\latex\graphics\keyval.sty"
Package: keyval 2014/10/28 v1.15 key=value parser (DPC)
\KV@toks@=\toks14
))
\beamer@paperwidth=\skip42
\beamer@paperheight=\skip43

("C:\Program Files\MiKTeX 2.9\tex\latex\geometry\geometry.sty"
Package: geometry 2010/09/12 v5.6 Page Geometry

("C:\Program Files\MiKTeX 2.9\tex\generic\oberdiek\ifvtex.sty"
Package: ifvtex 2016/05/16 v1.6 Detect VTeX and its facilities (HO)
Package ifvtex Info: VTeX not detected.
)
("C:\Program Files\MiKTeX 2.9\tex\generic\ifxetex\ifxetex.sty"
Package: ifxetex 2010/09/12 v0.6 Provides ifxetex conditional
)
\Gm@cnth=\count103
\Gm@cntv=\count104
\c@Gm@tempcnt=\count105
\Gm@bindingoffset=\dimen118
\Gm@wd@mp=\dimen119
\Gm@odd@mp=\dimen120
\Gm@even@mp=\dimen121
\Gm@layoutwidth=\dimen122
\Gm@layoutheight=\dimen123
\Gm@layouthoffset=\dimen124
\Gm@layoutvoffset=\dimen125
\Gm@dimlist=\toks15

("C:\Program Files\MiKTeX 2.9\tex\latex\geometry\geometry.cfg")) ("C:\Program Files\MiKTeX 2.9\tex\latex\base\size11.clo
"
File: size11.clo 2014/09/29 v1.4h Standard LaTeX file (size option)
) ("C:\Program Files\MiKTeX 2.9\tex\latex\pgf\basiclayer\pgfcore.sty"
("C:\Program Files\MiKTeX 2.9\tex\latex\graphics\graphicx.sty"
Package: graphicx 2017/06/01 v1.1a Enhanced LaTeX Graphics (DPC,SPQR)

("C:\Program Files\MiKTeX 2.9\tex\latex\graphics\graphics.sty"
Package: graphics 2017/06/25 v1.2c Standard LaTeX Graphics (DPC,SPQR)
 ("C:\Program Files\MiKTeX 2.9\tex\latex\graphics\trig.sty"
Package: trig 2016/01/03 v1.10 sin cos tan (DPC)
) ("C:\Program Files\MiKTeX 2.9\tex\latex\graphics-cfg\graphics.cfg"
File: graphics.cfg 2016/06/04 v1.11 sample graphics configuration
)
Package graphics Info: Driver file: pdftex.def on input line 99.

("C:\Program Files\MiKTeX 2.9\tex\latex\graphics-def\pdftex.def"
File: pdftex.def 2017/06/24 v1.0g Graphics/color driver for pdftex
))
\Gin@req@height=\dimen126
\Gin@req@width=\dimen127
)
("C:\Program Files\MiKTeX 2.9\tex\latex\pgf\systemlayer\pgfsys.sty"
("C:\Program Files\MiKTeX 2.9\tex\latex\pgf\utilities\pgfrcs.sty"
("C:\Program Files\MiKTeX 2.9\tex\generic\pgf\utilities\pgfutil-common.tex"
\pgfutil@everybye=\toks16
\pgfutil@tempdima=\dimen128
\pgfutil@tempdimb=\dimen129

("C:\Program Files\MiKTeX 2.9\tex\generic\pgf\utilities\pgfutil-common-lists.tex"))
("C:\Program Files\MiKTeX 2.9\tex\generic\pgf\utilities\pgfutil-latex.def"
\pgfutil@abb=\box34

("C:\Program Files\MiKTeX 2.9\tex\latex\ms\everyshi.sty"
Package: everyshi 2001/05/15 v3.00 EveryShipout Package (MS)
))
("C:\Program Files\MiKTeX 2.9\tex\generic\pgf\utilities\pgfrcs.code.tex"
Package: pgfrcs 2015/08/07 v3.0.1a (rcs-revision 1.31)
))
("C:\Program Files\MiKTeX 2.9\tex\generic\pgf\systemlayer\pgfsys.code.tex"
Package: pgfsys 2014/07/09 v3.0.1a (rcs-revision 1.48)

("C:\Program Files\MiKTeX 2.9\tex\generic\pgf\utilities\pgfkeys.code.tex"
\pgfkeys@pathtoks=\toks17
\pgfkeys@temptoks=\toks18

("C:\Program Files\MiKTeX 2.9\tex\generic\pgf\utilities\pgfkeysfiltered.code.tex"
\pgfkeys@tmptoks=\toks19
))
\pgf@x=\dimen130
\pgf@y=\dimen131
\pgf@xa=\dimen132
\pgf@ya=\dimen133
\pgf@xb=\dimen134
\pgf@yb=\dimen135
\pgf@xc=\dimen136
\pgf@yc=\dimen137
\w@pgf@writea=\write3
\r@pgf@reada=\read1
\c@pgf@counta=\count106
\c@pgf@countb=\count107
\c@pgf@countc=\count108
\c@pgf@countd=\count109
\t@pgf@toka=\toks20
\t@pgf@tokb=\toks21
\t@pgf@tokc=\toks22

("C:\Program Files\MiKTeX 2.9\tex\generic\pgf\systemlayer\pgf.cfg"
File: pgf.cfg 2008/05/14  (rcs-revision 1.7)
)
Driver file for pgf: pgfsys-pdftex.def

("C:\Program Files\MiKTeX 2.9\tex\generic\pgf\systemlayer\pgfsys-pdftex.def"
File: pgfsys-pdftex.def 2014/10/11  (rcs-revision 1.35)

("C:\Program Files\MiKTeX 2.9\tex\generic\pgf\systemlayer\pgfsys-common-pdf.def"
File: pgfsys-common-pdf.def 2013/10/10  (rcs-revision 1.13)
)))
("C:\Program Files\MiKTeX 2.9\tex\generic\pgf\systemlayer\pgfsyssoftpath.code.tex"
File: pgfsyssoftpath.code.tex 2013/09/09  (rcs-revision 1.9)
\pgfsyssoftpath@smallbuffer@items=\count110
\pgfsyssoftpath@bigbuffer@items=\count111
)
("C:\Program Files\MiKTeX 2.9\tex\generic\pgf\systemlayer\pgfsysprotocol.code.tex"
File: pgfsysprotocol.code.tex 2006/10/16  (rcs-revision 1.4)
))
("C:\Program Files\MiKTeX 2.9\tex\latex\xcolor\xcolor.sty"
Package: xcolor 2016/05/11 v2.12 LaTeX color extensions (UK)
 ("C:\Program Files\MiKTeX 2.9\tex\latex\graphics-cfg\color.cfg"
File: color.cfg 2016/01/02 v1.6 sample color configuration
)
Package xcolor Info: Driver file: pdftex.def on input line 225.
Package xcolor Info: Model `cmy' substituted by `cmy0' on input line 1348.
Package xcolor Info: Model `hsb' substituted by `rgb' on input line 1352.
Package xcolor Info: Model `RGB' extended on input line 1364.
Package xcolor Info: Model `HTML' substituted by `rgb' on input line 1366.
Package xcolor Info: Model `Hsb' substituted by `hsb' on input line 1367.
Package xcolor Info: Model `tHsb' substituted by `hsb' on input line 1368.
Package xcolor Info: Model `HSB' substituted by `hsb' on input line 1369.
Package xcolor Info: Model `Gray' substituted by `gray' on input line 1370.
Package xcolor Info: Model `wave' substituted by `hsb' on input line 1371.
) ("C:\Program Files\MiKTeX 2.9\tex\generic\pgf\basiclayer\pgfcore.code.tex"
Package: pgfcore 2010/04/11 v3.0.1a (rcs-revision 1.7)

("C:\Program Files\MiKTeX 2.9\tex\generic\pgf\math\pgfmath.code.tex"
("C:\Program Files\MiKTeX 2.9\tex\generic\pgf\math\pgfmathcalc.code.tex"
("C:\Program Files\MiKTeX 2.9\tex\generic\pgf\math\pgfmathutil.code.tex")
("C:\Program Files\MiKTeX 2.9\tex\generic\pgf\math\pgfmathparser.code.tex"
\pgfmath@dimen=\dimen138
\pgfmath@count=\count112
\pgfmath@box=\box35
\pgfmath@toks=\toks23
\pgfmath@stack@operand=\toks24
\pgfmath@stack@operation=\toks25
)
("C:\Program Files\MiKTeX 2.9\tex\generic\pgf\math\pgfmathfunctions.code.tex"
("C:\Program Files\MiKTeX 2.9\tex\generic\pgf\math\pgfmathfunctions.basic.code.tex")
("C:\Program Files\MiKTeX 2.9\tex\generic\pgf\math\pgfmathfunctions.trigonometric.code.tex")
("C:\Program Files\MiKTeX 2.9\tex\generic\pgf\math\pgfmathfunctions.random.code.tex")
("C:\Program Files\MiKTeX 2.9\tex\generic\pgf\math\pgfmathfunctions.comparison.code.tex")
("C:\Program Files\MiKTeX 2.9\tex\generic\pgf\math\pgfmathfunctions.base.code.tex")
("C:\Program Files\MiKTeX 2.9\tex\generic\pgf\math\pgfmathfunctions.round.code.tex")
("C:\Program Files\MiKTeX 2.9\tex\generic\pgf\math\pgfmathfunctions.misc.code.tex")
("C:\Program Files\MiKTeX 2.9\tex\generic\pgf\math\pgfmathfunctions.integerarithmetics.code.tex")))
("C:\Program Files\MiKTeX 2.9\tex\generic\pgf\math\pgfmathfloat.code.tex"
\c@pgfmathroundto@lastzeros=\count113
))
("C:\Program Files\MiKTeX 2.9\tex\generic\pgf\basiclayer\pgfcorepoints.code.tex"
File: pgfcorepoints.code.tex 2013/10/07  (rcs-revision 1.27)
\pgf@picminx=\dimen139
\pgf@picmaxx=\dimen140
\pgf@picminy=\dimen141
\pgf@picmaxy=\dimen142
\pgf@pathminx=\dimen143
\pgf@pathmaxx=\dimen144
\pgf@pathminy=\dimen145
\pgf@pathmaxy=\dimen146
\pgf@xx=\dimen147
\pgf@xy=\dimen148
\pgf@yx=\dimen149
\pgf@yy=\dimen150
\pgf@zx=\dimen151
\pgf@zy=\dimen152
)
("C:\Program Files\MiKTeX 2.9\tex\generic\pgf\basiclayer\pgfcorepathconstruct.code.tex"
File: pgfcorepathconstruct.code.tex 2013/10/07  (rcs-revision 1.29)
\pgf@path@lastx=\dimen153
\pgf@path@lasty=\dimen154
)
("C:\Program Files\MiKTeX 2.9\tex\generic\pgf\basiclayer\pgfcorepathusage.code.tex"
File: pgfcorepathusage.code.tex 2014/11/02  (rcs-revision 1.24)
\pgf@shorten@end@additional=\dimen155
\pgf@shorten@start@additional=\dimen156
)
("C:\Program Files\MiKTeX 2.9\tex\generic\pgf\basiclayer\pgfcorescopes.code.tex"
File: pgfcorescopes.code.tex 2015/05/08  (rcs-revision 1.46)
\pgfpic=\box36
\pgf@hbox=\box37
\pgf@layerbox@main=\box38
\pgf@picture@serial@count=\count114
)
("C:\Program Files\MiKTeX 2.9\tex\generic\pgf\basiclayer\pgfcoregraphicstate.code.tex"
File: pgfcoregraphicstate.code.tex 2014/11/02  (rcs-revision 1.12)
\pgflinewidth=\dimen157
)
("C:\Program Files\MiKTeX 2.9\tex\generic\pgf\basiclayer\pgfcoretransformations.code.tex"
File: pgfcoretransformations.code.tex 2015/08/07  (rcs-revision 1.20)
\pgf@pt@x=\dimen158
\pgf@pt@y=\dimen159
\pgf@pt@temp=\dimen160
)
("C:\Program Files\MiKTeX 2.9\tex\generic\pgf\basiclayer\pgfcorequick.code.tex"
File: pgfcorequick.code.tex 2008/10/09  (rcs-revision 1.3)
)
("C:\Program Files\MiKTeX 2.9\tex\generic\pgf\basiclayer\pgfcoreobjects.code.tex"
File: pgfcoreobjects.code.tex 2006/10/11  (rcs-revision 1.2)
)
("C:\Program Files\MiKTeX 2.9\tex\generic\pgf\basiclayer\pgfcorepathprocessing.code.tex"
File: pgfcorepathprocessing.code.tex 2013/09/09  (rcs-revision 1.9)
)
("C:\Program Files\MiKTeX 2.9\tex\generic\pgf\basiclayer\pgfcorearrows.code.tex"
File: pgfcorearrows.code.tex 2015/05/14  (rcs-revision 1.43)
\pgfarrowsep=\dimen161
)
("C:\Program Files\MiKTeX 2.9\tex\generic\pgf\basiclayer\pgfcoreshade.code.tex"
File: pgfcoreshade.code.tex 2013/07/15  (rcs-revision 1.15)
\pgf@max=\dimen162
\pgf@sys@shading@range@num=\count115
)
("C:\Program Files\MiKTeX 2.9\tex\generic\pgf\basiclayer\pgfcoreimage.code.tex"
File: pgfcoreimage.code.tex 2013/07/15  (rcs-revision 1.18)

("C:\Program Files\MiKTeX 2.9\tex\generic\pgf\basiclayer\pgfcoreexternal.code.tex"
File: pgfcoreexternal.code.tex 2014/07/09  (rcs-revision 1.21)
\pgfexternal@startupbox=\box39
))
("C:\Program Files\MiKTeX 2.9\tex\generic\pgf\basiclayer\pgfcorelayers.code.tex"
File: pgfcorelayers.code.tex 2013/07/18  (rcs-revision 1.7)
)
("C:\Program Files\MiKTeX 2.9\tex\generic\pgf\basiclayer\pgfcoretransparency.code.tex"
File: pgfcoretransparency.code.tex 2013/09/30  (rcs-revision 1.5)
)
("C:\Program Files\MiKTeX 2.9\tex\generic\pgf\basiclayer\pgfcorepatterns.code.tex"
File: pgfcorepatterns.code.tex 2013/11/07  (rcs-revision 1.5)
)))
("C:\Program Files\MiKTeX 2.9\tex\latex\pgf\utilities\xxcolor.sty"
Package: xxcolor 2003/10/24 ver 0.1
\XC@nummixins=\count116
\XC@countmixins=\count117
)
("C:\Program Files\MiKTeX 2.9\tex\generic\oberdiek\atbegshi.sty"
Package: atbegshi 2016/06/09 v1.18 At begin shipout hook (HO)

("C:\Program Files\MiKTeX 2.9\tex\generic\oberdiek\infwarerr.sty"
Package: infwarerr 2016/05/16 v1.4 Providing info/warning/error messages (HO)
)
("C:\Program Files\MiKTeX 2.9\tex\generic\oberdiek\ltxcmds.sty"
Package: ltxcmds 2016/05/16 v1.23 LaTeX kernel commands for general use (HO)
))
("C:\Program Files\MiKTeX 2.9\tex\latex\hyperref\hyperref.sty"
Package: hyperref 2017/03/14 v6.85a Hypertext links for LaTeX

("C:\Program Files\MiKTeX 2.9\tex\generic\oberdiek\hobsub-hyperref.sty"
Package: hobsub-hyperref 2016/05/16 v1.14 Bundle oberdiek, subset hyperref (HO)

("C:\Program Files\MiKTeX 2.9\tex\generic\oberdiek\hobsub-generic.sty"
Package: hobsub-generic 2016/05/16 v1.14 Bundle oberdiek, subset generic (HO)
Package: hobsub 2016/05/16 v1.14 Construct package bundles (HO)
Package hobsub Info: Skipping package `infwarerr' (already loaded).
Package hobsub Info: Skipping package `ltxcmds' (already loaded).
Package: ifluatex 2016/05/16 v1.4 Provides the ifluatex switch (HO)
Package ifluatex Info: LuaTeX not detected.
Package hobsub Info: Skipping package `ifvtex' (already loaded).
Package: intcalc 2016/05/16 v1.2 Expandable calculations with integers (HO)
Package hobsub Info: Skipping package `ifpdf' (already loaded).
Package: etexcmds 2016/05/16 v1.6 Avoid name clashes with e-TeX commands (HO)
Package etexcmds Info: Could not find \expanded.
(etexcmds)             That can mean that you are not using pdfTeX 1.50 or
(etexcmds)             that some package has redefined \expanded.
(etexcmds)             In the latter case, load this package earlier.
Package: kvsetkeys 2016/05/16 v1.17 Key value parser (HO)
Package: kvdefinekeys 2016/05/16 v1.4 Define keys (HO)
Package: pdftexcmds 2017/03/19 v0.25 Utility functions of pdfTeX for LuaTeX (HO)
Package pdftexcmds Info: LuaTeX not detected.
Package pdftexcmds Info: \pdf@primitive is available.
Package pdftexcmds Info: \pdf@ifprimitive is available.
Package pdftexcmds Info: \pdfdraftmode found.
Package: pdfescape 2016/05/16 v1.14 Implements pdfTeX's escape features (HO)
Package: bigintcalc 2016/05/16 v1.4 Expandable calculations on big integers (HO)
Package: bitset 2016/05/16 v1.2 Handle bit-vector datatype (HO)
Package: uniquecounter 2016/05/16 v1.3 Provide unlimited unique counter (HO)
)
Package hobsub Info: Skipping package `hobsub' (already loaded).
Package: letltxmacro 2016/05/16 v1.5 Let assignment for LaTeX macros (HO)
Package: hopatch 2016/05/16 v1.3 Wrapper for package hooks (HO)
Package: xcolor-patch 2016/05/16 xcolor patch
Package: atveryend 2016/05/16 v1.9 Hooks at the very end of document (HO)
Package hobsub Info: Skipping package `atbegshi' (already loaded).
Package: refcount 2016/05/16 v3.5 Data extraction from label references (HO)
Package: hycolor 2016/05/16 v1.8 Color options for hyperref/bookmark (HO)
)
("C:\Program Files\MiKTeX 2.9\tex\latex\oberdiek\auxhook.sty"
Package: auxhook 2016/05/16 v1.4 Hooks for auxiliary files (HO)
)
("C:\Program Files\MiKTeX 2.9\tex\latex\oberdiek\kvoptions.sty"
Package: kvoptions 2016/05/16 v3.12 Key value format for package options (HO)
)
\@linkdim=\dimen163
\Hy@linkcounter=\count118
\Hy@pagecounter=\count119

("C:\Program Files\MiKTeX 2.9\tex\latex\hyperref\pd1enc.def"
File: pd1enc.def 2017/03/14 v6.85a Hyperref: PDFDocEncoding definition (HO)
)
\Hy@SavedSpaceFactor=\count120

("C:\Program Files\MiKTeX 2.9\tex\latex\00miktex\hyperref.cfg"
File: hyperref.cfg 2002/06/06 v1.2 hyperref configuration of TeXLive
)
Package hyperref Info: Option `bookmarks' set `true' on input line 4374.
Package hyperref Info: Option `bookmarksopen' set `true' on input line 4374.
Package hyperref Info: Option `implicit' set `false' on input line 4374.
Package hyperref Info: Hyper figures OFF on input line 4498.
Package hyperref Info: Link nesting OFF on input line 4503.
Package hyperref Info: Hyper index ON on input line 4506.
Package hyperref Info: Plain pages OFF on input line 4513.
Package hyperref Info: Backreferencing OFF on input line 4518.
Package hyperref Info: Implicit mode OFF; no redefinition of LaTeX internals.
Package hyperref Info: Bookmarks ON on input line 4751.
\c@Hy@tempcnt=\count121
 ("C:\Program Files\MiKTeX 2.9\tex\latex\url\url.sty"
\Urlmuskip=\muskip10
Package: url 2013/09/16  ver 3.4  Verb mode for urls, etc.
)
LaTeX Info: Redefining \url on input line 5104.
\XeTeXLinkMargin=\dimen164
\Fld@menulength=\count122
\Field@Width=\dimen165
\Fld@charsize=\dimen166
Package hyperref Info: Hyper figures OFF on input line 6358.
Package hyperref Info: Link nesting OFF on input line 6363.
Package hyperref Info: Hyper index ON on input line 6366.
Package hyperref Info: backreferencing OFF on input line 6373.
Package hyperref Info: Link coloring OFF on input line 6378.
Package hyperref Info: Link coloring with OCG OFF on input line 6383.
Package hyperref Info: PDF/A mode OFF on input line 6388.
LaTeX Info: Redefining \ref on input line 6428.
LaTeX Info: Redefining \pageref on input line 6432.
\Hy@abspage=\count123


Package hyperref Message: Stopped early.

)

Package hyperref Message: Driver (autodetected): hpdftex.

("C:\Program Files\MiKTeX 2.9\tex\latex\hyperref\hpdftex.def"
File: hpdftex.def 2017/03/14 v6.85a Hyperref driver for pdfTeX
\Fld@listcount=\count124
\c@bookmark@seq@number=\count125

("C:\Program Files\MiKTeX 2.9\tex\latex\oberdiek\rerunfilecheck.sty"
Package: rerunfilecheck 2016/05/16 v1.8 Rerun checks for auxiliary files (HO)
Package uniquecounter Info: New unique counter `rerunfilecheck' on input line 282.
))
("C:\Program Files\MiKTeX 2.9\tex\latex\beamer\beamerbaserequires.sty"
("C:\Program Files\MiKTeX 2.9\tex\latex\beamer\beamerbasecompatibility.sty")
("C:\Program Files\MiKTeX 2.9\tex\latex\beamer\beamerbasefont.sty"
("C:\Program Files\MiKTeX 2.9\tex\latex\amsfonts\amssymb.sty"
Package: amssymb 2013/01/14 v3.01 AMS font symbols

("C:\Program Files\MiKTeX 2.9\tex\latex\amsfonts\amsfonts.sty"
Package: amsfonts 2013/01/14 v3.01 Basic AMSFonts support
\@emptytoks=\toks26
\symAMSa=\mathgroup4
\symAMSb=\mathgroup5
LaTeX Font Info:    Overwriting math alphabet `\mathfrak' in version `bold'
(Font)                  U/euf/m/n --> U/euf/b/n on input line 106.
))
("C:\Program Files\MiKTeX 2.9\tex\latex\sansmathaccent\sansmathaccent.sty"
Package: sansmathaccent 2013/03/28

("C:\Program Files\MiKTeX 2.9\tex\latex\filehook\filehook.sty"
Package: filehook 2011/10/12 v0.5d Hooks for input files
)))
("C:\Program Files\MiKTeX 2.9\tex\latex\beamer\beamerbasetranslator.sty"
("C:\Program Files\MiKTeX 2.9\tex\latex\beamer\translator\translator.sty"
Package: translator 2010/06/12 ver 1.10

("C:\Program Files\MiKTeX 2.9\tex\latex\beamer\translator\translator-language-mappings.tex")))
("C:\Program Files\MiKTeX 2.9\tex\latex\beamer\beamerbasemisc.sty")
("C:\Program Files\MiKTeX 2.9\tex\latex\beamer\beamerbasetwoscreens.sty")
("C:\Program Files\MiKTeX 2.9\tex\latex\beamer\beamerbaseoverlay.sty"
\beamer@argscount=\count126
\beamer@lastskipcover=\skip44
\beamer@trivlistdepth=\count127
)
("C:\Program Files\MiKTeX 2.9\tex\latex\beamer\beamerbasetitle.sty")
("C:\Program Files\MiKTeX 2.9\tex\latex\beamer\beamerbasesection.sty"
\c@lecture=\count128
\c@part=\count129
\c@section=\count130
\c@subsection=\count131
\c@subsubsection=\count132
)
("C:\Program Files\MiKTeX 2.9\tex\latex\beamer\beamerbaseframe.sty"
\beamer@framebox=\box40
\beamer@frametitlebox=\box41
\beamer@zoombox=\box42
\beamer@zoomcount=\count133
\beamer@zoomframecount=\count134
\beamer@frametextheight=\dimen167
\c@subsectionslide=\count135
\beamer@frametopskip=\skip45
\beamer@framebottomskip=\skip46
\beamer@frametopskipautobreak=\skip47
\beamer@framebottomskipautobreak=\skip48
\beamer@envbody=\toks27
\framewidth=\dimen168
\c@framenumber=\count136
)
("C:\Program Files\MiKTeX 2.9\tex\latex\beamer\beamerbaseverbatim.sty"
\beamer@verbatimfileout=\write4
)
("C:\Program Files\MiKTeX 2.9\tex\latex\beamer\beamerbaseframesize.sty"
\beamer@splitbox=\box43
\beamer@autobreakcount=\count137
\beamer@autobreaklastheight=\dimen169
\beamer@frametitletoks=\toks28
\beamer@framesubtitletoks=\toks29
)
("C:\Program Files\MiKTeX 2.9\tex\latex\beamer\beamerbaseframecomponents.sty"
\beamer@footins=\box44
)
("C:\Program Files\MiKTeX 2.9\tex\latex\beamer\beamerbasecolor.sty"
\beamer@bg@ht=\dimen170
\beamer@bg@wd=\dimen171
\beamer@bg@dp=\dimen172
)
("C:\Program Files\MiKTeX 2.9\tex\latex\beamer\beamerbasenotes.sty"
\beamer@frameboxcopy=\box45
)
("C:\Program Files\MiKTeX 2.9\tex\latex\beamer\beamerbasetoc.sty")
("C:\Program Files\MiKTeX 2.9\tex\latex\beamer\beamerbasetemplates.sty"
\beamer@sbttoks=\toks30

("C:\Program Files\MiKTeX 2.9\tex\latex\beamer\beamerbaseauxtemplates.sty"
("C:\Program Files\MiKTeX 2.9\tex\latex\beamer\beamerbaseboxes.sty"
\bmb@box=\box46
\bmb@colorbox=\box47
\bmb@boxshadow=\box48
\bmb@boxshadowball=\box49
\bmb@boxshadowballlarge=\box50
\bmb@temp=\dimen173
\bmb@dima=\dimen174
\bmb@dimb=\dimen175
\bmb@prevheight=\dimen176
)
\beamer@blockheadheight=\dimen177
))
("C:\Program Files\MiKTeX 2.9\tex\latex\beamer\beamerbaselocalstructure.sty"
("C:\Program Files\MiKTeX 2.9\tex\latex\tools\enumerate.sty"
Package: enumerate 2015/07/23 v3.00 enumerate extensions (DPC)
\@enLab=\toks31
)
\c@figure=\count138
\c@table=\count139
\abovecaptionskip=\skip49
\belowcaptionskip=\skip50
)
("C:\Program Files\MiKTeX 2.9\tex\latex\beamer\beamerbasenavigation.sty"
\beamer@section@min@dim=\dimen178
)
("C:\Program Files\MiKTeX 2.9\tex\latex\beamer\beamerbasetheorems.sty"
("C:\Program Files\MiKTeX 2.9\tex\latex\amsmath\amsmath.sty"
Package: amsmath 2017/09/02 v2.17a AMS math features
\@mathmargin=\skip51

For additional information on amsmath, use the `?' option.
("C:\Program Files\MiKTeX 2.9\tex\latex\amsmath\amstext.sty"
Package: amstext 2000/06/29 v2.01 AMS text
 ("C:\Program Files\MiKTeX 2.9\tex\latex\amsmath\amsgen.sty"
File: amsgen.sty 1999/11/30 v2.0 generic functions
\@emptytoks=\toks32
\ex@=\dimen179
)) ("C:\Program Files\MiKTeX 2.9\tex\latex\amsmath\amsbsy.sty"
Package: amsbsy 1999/11/29 v1.2d Bold Symbols
\pmbraise@=\dimen180
)
("C:\Program Files\MiKTeX 2.9\tex\latex\amsmath\amsopn.sty"
Package: amsopn 2016/03/08 v2.02 operator names
)
\inf@bad=\count140
LaTeX Info: Redefining \frac on input line 213.
\uproot@=\count141
\leftroot@=\count142
LaTeX Info: Redefining \overline on input line 375.
\classnum@=\count143
\DOTSCASE@=\count144
LaTeX Info: Redefining \ldots on input line 472.
LaTeX Info: Redefining \dots on input line 475.
LaTeX Info: Redefining \cdots on input line 596.
\Mathstrutbox@=\box51
\strutbox@=\box52
\big@size=\dimen181
LaTeX Font Info:    Redeclaring font encoding OML on input line 712.
LaTeX Font Info:    Redeclaring font encoding OMS on input line 713.
\macc@depth=\count145
\c@MaxMatrixCols=\count146
\dotsspace@=\muskip11
\c@parentequation=\count147
\dspbrk@lvl=\count148
\tag@help=\toks33
\row@=\count149
\column@=\count150
\maxfields@=\count151
\andhelp@=\toks34
\eqnshift@=\dimen182
\alignsep@=\dimen183
\tagshift@=\dimen184
\tagwidth@=\dimen185
\totwidth@=\dimen186
\lineht@=\dimen187
\@envbody=\toks35
\multlinegap=\skip52
\multlinetaggap=\skip53
\mathdisplay@stack=\toks36
LaTeX Info: Redefining \[ on input line 2817.
LaTeX Info: Redefining \] on input line 2818.
) ("C:\Program Files\MiKTeX 2.9\tex\latex\amscls\amsthm.sty"
Package: amsthm 2015/03/04 v2.20.2
\thm@style=\toks37
\thm@bodyfont=\toks38
\thm@headfont=\toks39
\thm@notefont=\toks40
\thm@headpunct=\toks41
\thm@preskip=\skip54
\thm@postskip=\skip55
\thm@headsep=\skip56
\dth@everypar=\toks42
)
\c@theorem=\count152
) ("C:\Program Files\MiKTeX 2.9\tex\latex\beamer\beamerbasethemes.sty"))
("C:\Program Files\MiKTeX 2.9\tex\latex\beamer\themes\theme\beamerthemedefault.sty"
("C:\Program Files\MiKTeX 2.9\tex\latex\beamer\themes\font\beamerfontthemedefault.sty")
("C:\Program Files\MiKTeX 2.9\tex\latex\beamer\themes\color\beamercolorthemedefault.sty")
("C:\Program Files\MiKTeX 2.9\tex\latex\beamer\themes\inner\beamerinnerthemedefault.sty"
\beamer@dima=\dimen188
\beamer@dimb=\dimen189
)
("C:\Program Files\MiKTeX 2.9\tex\latex\beamer\themes\outer\beamerouterthemedefault.sty")))
("C:\Program Files\MiKTeX 2.9\tex\latex\beamer\themes\theme\beamerthemeBoadilla.sty"
("C:\Program Files\MiKTeX 2.9\tex\latex\beamer\themes\color\beamercolorthemerose.sty")
("C:\Program Files\MiKTeX 2.9\tex\latex\beamer\themes\inner\beamerinnerthemerounded.sty")
("C:\Program Files\MiKTeX 2.9\tex\latex\beamer\themes\color\beamercolorthemedolphin.sty")
("C:\Program Files\MiKTeX 2.9\tex\latex\beamer\themes\outer\beamerouterthemeinfolines.sty"))
("C:\Program Files\MiKTeX 2.9\tex\latex\beamer\themes\font\beamerfontthemeprofessionalfonts.sty")
("C:\Program Files\MiKTeX 2.9\tex\latex\beamer\themes\font\beamerfontthemeserif.sty")
("C:\Program Files\MiKTeX 2.9\tex\latex\tools\array.sty"
Package: array 2016/10/06 v2.4d Tabular extension package (FMi)
\col@sep=\dimen190
\extrarowheight=\dimen191
\NC@list=\toks43
\extratabsurround=\skip57
\backup@length=\skip58
) ("C:\Program Files\MiKTeX 2.9\tex\latex\booktabs\booktabs.sty"
Package: booktabs 2005/04/14 v1.61803 publication quality tables
\heavyrulewidth=\dimen192
\lightrulewidth=\dimen193
\cmidrulewidth=\dimen194
\belowrulesep=\dimen195
\belowbottomsep=\dimen196
\aboverulesep=\dimen197
\abovetopsep=\dimen198
\cmidrulesep=\dimen199
\cmidrulekern=\dimen256
\defaultaddspace=\dimen257
\@cmidla=\count153
\@cmidlb=\count154
\@aboverulesep=\dimen258
\@belowrulesep=\dimen259
\@thisruleclass=\count155
\@lastruleclass=\count156
\@thisrulewidth=\dimen260
) ("C:\Program Files\MiKTeX 2.9\tex\latex\stmaryrd\stmaryrd.sty"
Package: stmaryrd 1994/03/03 St Mary's Road symbol package
\symstmry=\mathgroup6
LaTeX Font Info:    Overwriting symbol font `stmry' in version `bold'
(Font)                  U/stmry/m/n --> U/stmry/b/n on input line 89.
)
("C:\Program Files\MiKTeX 2.9\tex\latex\doublestroke\dsfont.sty"
Package: dsfont 1995/08/01 v0.1 Double stroke roman fonts
)
("C:\Program Files\MiKTeX 2.9\tex\latex\colortbl\colortbl.sty"
Package: colortbl 2012/02/13 v1.0a Color table columns (DPC)
\everycr=\toks44
\minrowclearance=\skip59
)
("C:\Program Files\MiKTeX 2.9\tex\latex\pgfplots\pgfplots.sty"
("C:\Program Files\MiKTeX 2.9\tex\generic\pgfplots\pgfplots.revision.tex")
Package: pgfplots 2017/06/05 v1.15 Data Visualization (1.15)

("C:\Program Files\MiKTeX 2.9\tex\latex\pgf\frontendlayer\tikz.sty"
("C:\Program Files\MiKTeX 2.9\tex\latex\pgf\basiclayer\pgf.sty"
Package: pgf 2015/08/07 v3.0.1a (rcs-revision 1.15)

("C:\Program Files\MiKTeX 2.9\tex\generic\pgf\modules\pgfmoduleshapes.code.tex"
File: pgfmoduleshapes.code.tex 2014/03/21  (rcs-revision 1.35)
\pgfnodeparttextbox=\box53
)
("C:\Program Files\MiKTeX 2.9\tex\generic\pgf\modules\pgfmoduleplot.code.tex"
File: pgfmoduleplot.code.tex 2015/08/03  (rcs-revision 1.13)
)
("C:\Program Files\MiKTeX 2.9\tex\latex\pgf\compatibility\pgfcomp-version-0-65.sty"
Package: pgfcomp-version-0-65 2007/07/03 v3.0.1a (rcs-revision 1.7)
\pgf@nodesepstart=\dimen261
\pgf@nodesepend=\dimen262
)
("C:\Program Files\MiKTeX 2.9\tex\latex\pgf\compatibility\pgfcomp-version-1-18.sty"
Package: pgfcomp-version-1-18 2007/07/23 v3.0.1a (rcs-revision 1.1)
))
("C:\Program Files\MiKTeX 2.9\tex\latex\pgf\utilities\pgffor.sty"
("C:\Program Files\MiKTeX 2.9\tex\latex\pgf\utilities\pgfkeys.sty"
("C:\Program Files\MiKTeX 2.9\tex\generic\pgf\utilities\pgfkeys.code.tex"))
("C:\Program Files\MiKTeX 2.9\tex\latex\pgf\math\pgfmath.sty"
("C:\Program Files\MiKTeX 2.9\tex\generic\pgf\math\pgfmath.code.tex"))
("C:\Program Files\MiKTeX 2.9\tex\generic\pgf\utilities\pgffor.code.tex"
Package: pgffor 2013/12/13 v3.0.1a (rcs-revision 1.25)

("C:\Program Files\MiKTeX 2.9\tex\generic\pgf\math\pgfmath.code.tex")
\pgffor@iter=\dimen263
\pgffor@skip=\dimen264
\pgffor@stack=\toks45
\pgffor@toks=\toks46
))
("C:\Program Files\MiKTeX 2.9\tex\generic\pgf\frontendlayer\tikz\tikz.code.tex"
Package: tikz 2015/08/07 v3.0.1a (rcs-revision 1.151)

("C:\Program Files\MiKTeX 2.9\tex\generic\pgf\libraries\pgflibraryplothandlers.code.tex"
File: pgflibraryplothandlers.code.tex 2013/08/31 v3.0.1a (rcs-revision 1.20)
\pgf@plot@mark@count=\count157
\pgfplotmarksize=\dimen265
)
\tikz@lastx=\dimen266
\tikz@lasty=\dimen267
\tikz@lastxsaved=\dimen268
\tikz@lastysaved=\dimen269
\tikzleveldistance=\dimen270
\tikzsiblingdistance=\dimen271
\tikz@figbox=\box54
\tikz@figbox@bg=\box55
\tikz@tempbox=\box56
\tikz@tempbox@bg=\box57
\tikztreelevel=\count158
\tikznumberofchildren=\count159
\tikznumberofcurrentchild=\count160
\tikz@fig@count=\count161

("C:\Program Files\MiKTeX 2.9\tex\generic\pgf\modules\pgfmodulematrix.code.tex"
File: pgfmodulematrix.code.tex 2013/09/17  (rcs-revision 1.8)
\pgfmatrixcurrentrow=\count162
\pgfmatrixcurrentcolumn=\count163
\pgf@matrix@numberofcolumns=\count164
)
\tikz@expandcount=\count165

("C:\Program Files\MiKTeX 2.9\tex\generic\pgf\frontendlayer\tikz\libraries\tikzlibrarytopaths.code.tex"
File: tikzlibrarytopaths.code.tex 2008/06/17 v3.0.1a (rcs-revision 1.2)
)))
("C:\Program Files\MiKTeX 2.9\tex\generic\pgfplots\pgfplots.code.tex"
("C:\Program Files\MiKTeX 2.9\tex\generic\pgfplots\pgfplotscore.code.tex"
\t@pgfplots@toka=\toks47
\t@pgfplots@tokb=\toks48
\t@pgfplots@tokc=\toks49
\pgfplots@tmpa=\dimen272
\c@pgfplots@coordindex=\count166
\c@pgfplots@scanlineindex=\count167

("C:\Program Files\MiKTeX 2.9\tex\generic\pgfplots\sys\pgfplotssysgeneric.code.tex"))
("C:\Program Files\MiKTeX 2.9\tex\generic\pgfplots\libs\pgfplotslibrary.code.tex")
("C:\Program Files\MiKTeX 2.9\tex\generic\pgfplots\oldpgfcompatib\pgfplotsoldpgfsupp_loader.code.tex"
("C:\Program Files\MiKTeX 2.9\tex\generic\pgf\libraries\pgflibraryfpu.code.tex")
Package pgfplots: loading complementary arithmetics for your pgf version...
("C:\Program Files\MiKTeX 2.9\tex\generic\pgfplots\oldpgfcompatib\pgfplotsoldpgfsupp_pgflibraryfpu.code.tex")
("C:\Program Files\MiKTeX 2.9\tex\generic\pgfplots\oldpgfcompatib\pgfplotsoldpgfsupp_pgfmathfloat.code.tex"
\c@pgfmathroundto@lastzeros=\count168
))
("C:\Program Files\MiKTeX 2.9\tex\generic\pgfplots\util\pgfplotsutil.code.tex"
("C:\Program Files\MiKTeX 2.9\tex\generic\pgfplots\liststructure\pgfplotsliststructure.code.tex")
("C:\Program Files\MiKTeX 2.9\tex\generic\pgfplots\liststructure\pgfplotsliststructureext.code.tex")
("C:\Program Files\MiKTeX 2.9\tex\generic\pgfplots\liststructure\pgfplotsarray.code.tex"
\c@pgfplotsarray@tmp=\count169
)
("C:\Program Files\MiKTeX 2.9\tex\generic\pgfplots\liststructure\pgfplotsmatrix.code.tex")
("C:\Program Files\MiKTeX 2.9\tex\generic\pgfplots\numtable\pgfplotstableshared.code.tex"
\c@pgfplotstable@counta=\count170
\t@pgfplotstable@a=\toks50
)
("C:\Program Files\MiKTeX 2.9\tex\generic\pgfplots\liststructure\pgfplotsdeque.code.tex")
("C:\Program Files\MiKTeX 2.9\tex\generic\pgfplots\util\pgfplotsbinary.code.tex"
("C:\Program Files\MiKTeX 2.9\tex\generic\pgfplots\util\pgfplotsbinary.data.code.tex"))
("C:\Program Files\MiKTeX 2.9\tex\generic\pgfplots\util\pgfplotsutil.verb.code.tex")
("C:\Program Files\MiKTeX 2.9\tex\generic\pgfplots\libs\pgflibrarypgfplots.surfshading.code.tex"
\c@pgfplotslibrarysurf@no=\count171

("C:\Program Files\MiKTeX 2.9\tex\generic\pgfplots\sys\pgflibrarypgfplots.surfshading.pgfsys-pdftex.def")))
("C:\Program Files\MiKTeX 2.9\tex\generic\pgfplots\util\pgfplotscolormap.code.tex"
("C:\Program Files\MiKTeX 2.9\tex\generic\pgfplots\util\pgfplotscolor.code.tex"))
("C:\Program Files\MiKTeX 2.9\tex\generic\pgfplots\pgfplotsstackedplots.code.tex")
("C:\Program Files\MiKTeX 2.9\tex\generic\pgfplots\pgfplotsplothandlers.code.tex"
("C:\Program Files\MiKTeX 2.9\tex\generic\pgfplots\pgfplotsmeshplothandler.code.tex"
("C:\Program Files\MiKTeX 2.9\tex\generic\pgfplots\pgfplotsmeshplotimage.code.tex")))
("C:\Program Files\MiKTeX 2.9\tex\generic\pgfplots\pgfplots.scaling.code.tex")
("C:\Program Files\MiKTeX 2.9\tex\generic\pgfplots\pgfplotscoordprocessing.code.tex")
("C:\Program Files\MiKTeX 2.9\tex\generic\pgfplots\pgfplots.errorbars.code.tex")
("C:\Program Files\MiKTeX 2.9\tex\generic\pgfplots\pgfplots.markers.code.tex")
("C:\Program Files\MiKTeX 2.9\tex\generic\pgfplots\pgfplotsticks.code.tex")
("C:\Program Files\MiKTeX 2.9\tex\generic\pgfplots\pgfplots.paths.code.tex")
("C:\Program Files\MiKTeX 2.9\tex\generic\pgf\frontendlayer\tikz\libraries\tikzlibrarydecorations.code.tex"
("C:\Program Files\MiKTeX 2.9\tex\generic\pgf\modules\pgfmoduledecorations.code.tex"
\pgfdecoratedcompleteddistance=\dimen273
\pgfdecoratedremainingdistance=\dimen274
\pgfdecoratedinputsegmentcompleteddistance=\dimen275
\pgfdecoratedinputsegmentremainingdistance=\dimen276
\pgf@decorate@distancetomove=\dimen277
\pgf@decorate@repeatstate=\count172
\pgfdecorationsegmentamplitude=\dimen278
\pgfdecorationsegmentlength=\dimen279
)
\tikz@lib@dec@box=\box58
)
("C:\Program Files\MiKTeX 2.9\tex\generic\pgf\frontendlayer\tikz\libraries\tikzlibrarydecorations.pathmorphing.code.tex"
("C:\Program Files\MiKTeX 2.9\tex\generic\pgf\libraries\decorations\pgflibrarydecorations.pathmorphing.code.tex"))
("C:\Program Files\MiKTeX 2.9\tex\generic\pgf\frontendlayer\tikz\libraries\tikzlibrarydecorations.pathreplacing.code.tex
" ("C:\Program Files\MiKTeX 2.9\tex\generic\pgf\libraries\decorations\pgflibrarydecorations.pathreplacing.code.tex"))
\pgfplots@numplots=\count173
\pgfplots@xmin@reg=\dimen280
\pgfplots@xmax@reg=\dimen281
\pgfplots@ymin@reg=\dimen282
\pgfplots@ymax@reg=\dimen283
\pgfplots@zmin@reg=\dimen284
\pgfplots@zmax@reg=\dimen285
)
("C:\Program Files\MiKTeX 2.9\tex\generic\pgf\frontendlayer\tikz\libraries\tikzlibraryplotmarks.code.tex"
File: tikzlibraryplotmarks.code.tex 2008/01/09 v3.0.1a (rcs-revision 1.1)

("C:\Program Files\MiKTeX 2.9\tex\generic\pgf\libraries\pgflibraryplotmarks.code.tex"
File: pgflibraryplotmarks.code.tex 2015/08/03 v3.0.1a (rcs-revision 1.14)
)))
("C:\Program Files\MiKTeX 2.9\tex\latex\algorithms\algorithm.sty"
Package: algorithm 2009/08/24 v0.1 Document Style `algorithm' - floating environment
 ("C:\Program Files\MiKTeX 2.9\tex\latex\float\float.sty"
Package: float 2001/11/08 v1.3d Float enhancements (AL)
\c@float@type=\count174
\float@exts=\toks51
\float@box=\box59
\@float@everytoks=\toks52
\@floatcapt=\box60
) ("C:\Program Files\MiKTeX 2.9\tex\latex\base\ifthen.sty"
Package: ifthen 2014/09/29 v1.1c Standard LaTeX ifthen package (DPC)
)
\@float@every@algorithm=\toks53
\c@algorithm=\count175
)
("C:\Program Files\MiKTeX 2.9\tex\latex\algorithmicx\algpseudocode.sty"
Package: algpseudocode 

("C:\Program Files\MiKTeX 2.9\tex\latex\algorithmicx\algorithmicx.sty"
Package: algorithmicx 2005/04/27 v1.2 Algorithmicx

Document Style algorithmicx 1.2 - a greatly improved `algorithmic' style
\c@ALG@line=\count176
\c@ALG@rem=\count177
\c@ALG@nested=\count178
\ALG@tlm=\skip60
\ALG@thistlm=\skip61
\c@ALG@Lnr=\count179
\c@ALG@blocknr=\count180
\c@ALG@storecount=\count181
\c@ALG@tmpcounter=\count182
\ALG@tmplength=\skip62
)
Document Style - pseudocode environments for use with the `algorithmicx' style
) ("C:\Program Files\MiKTeX 2.9\tex\generic\pgf\frontendlayer\tikz\libraries\tikzlibrarymindmap.code.tex"
File: tikzlibrarymindmap.code.tex 2013/07/16 v3.0.1a (rcs-revision 1.10)

("C:\Program Files\MiKTeX 2.9\tex\generic\pgf\frontendlayer\tikz\libraries\tikzlibrarytrees.code.tex"
File: tikzlibrarytrees.code.tex 2008/02/24 v3.0.1a (rcs-revision 1.2)
))
("C:\Program Files\MiKTeX 2.9\tex\generic\pgf\frontendlayer\tikz\libraries\tikzlibraryarrows.code.tex"
File: tikzlibraryarrows.code.tex 2008/01/09 v3.0.1a (rcs-revision 1.1)

("C:\Program Files\MiKTeX 2.9\tex\generic\pgf\libraries\pgflibraryarrows.code.tex"
File: pgflibraryarrows.code.tex 2013/09/23 v3.0.1a (rcs-revision 1.16)
\arrowsize=\dimen286
))
("C:\Program Files\MiKTeX 2.9\tex\generic\pgf\frontendlayer\tikz\libraries\tikzlibrarypositioning.code.tex"
File: tikzlibrarypositioning.code.tex 2008/10/06 v3.0.1a (rcs-revision 1.7)
)
("C:\Program Files\MiKTeX 2.9\tex\generic\pgf\frontendlayer\tikz\libraries\tikzlibrarydecorations.text.code.tex"
("C:\Program Files\MiKTeX 2.9\tex\generic\pgf\libraries\decorations\pgflibrarydecorations.text.code.tex"
\pgf@lib@dec@text@box=\box61
)
\tikz@lib@dec@te@box=\box62
)
("C:\Program Files\MiKTeX 2.9\tex\generic\pgf\frontendlayer\tikz\libraries\tikzlibrarydecorations.markings.code.tex"
("C:\Program Files\MiKTeX 2.9\tex\generic\pgf\libraries\decorations\pgflibrarydecorations.markings.code.tex"))
("C:\Program Files\MiKTeX 2.9\tex\generic\pgf\frontendlayer\tikz\libraries\tikzlibrarydecorations.shapes.code.tex"
("C:\Program Files\MiKTeX 2.9\tex\generic\pgf\libraries\decorations\pgflibrarydecorations.shapes.code.tex"))
("C:\Program Files\MiKTeX 2.9\tex\generic\pgf\frontendlayer\tikz\libraries\tikzlibraryshapes.code.tex"
File: tikzlibraryshapes.code.tex 2008/01/09 v3.0.1a (rcs-revision 1.1)

("C:\Program Files\MiKTeX 2.9\tex\generic\pgf\frontendlayer\tikz\libraries\tikzlibraryshapes.geometric.code.tex"
File: tikzlibraryshapes.geometric.code.tex 2008/01/09 v3.0.1a (rcs-revision 1.1)

("C:\Program Files\MiKTeX 2.9\tex\generic\pgf\libraries\shapes\pgflibraryshapes.geometric.code.tex"
File: pgflibraryshapes.geometric.code.tex 2008/06/26 v3.0.1a (rcs-revision 1.1)
))
("C:\Program Files\MiKTeX 2.9\tex\generic\pgf\frontendlayer\tikz\libraries\tikzlibraryshapes.misc.code.tex"
File: tikzlibraryshapes.misc.code.tex 2008/01/09 v3.0.1a (rcs-revision 1.1)

("C:\Program Files\MiKTeX 2.9\tex\generic\pgf\libraries\shapes\pgflibraryshapes.misc.code.tex"
File: pgflibraryshapes.misc.code.tex 2013/07/18 v3.0.1a (rcs-revision 1.5)
))
("C:\Program Files\MiKTeX 2.9\tex\generic\pgf\frontendlayer\tikz\libraries\tikzlibraryshapes.symbols.code.tex"
File: tikzlibraryshapes.symbols.code.tex 2008/01/09 v3.0.1a (rcs-revision 1.1)

("C:\Program Files\MiKTeX 2.9\tex\generic\pgf\libraries\shapes\pgflibraryshapes.symbols.code.tex"
File: pgflibraryshapes.symbols.code.tex 2013/09/11 v3.0.1a (rcs-revision 1.6)
))
("C:\Program Files\MiKTeX 2.9\tex\generic\pgf\frontendlayer\tikz\libraries\tikzlibraryshapes.arrows.code.tex"
File: tikzlibraryshapes.arrows.code.tex 2008/01/09 v3.0.1a (rcs-revision 1.1)

("C:\Program Files\MiKTeX 2.9\tex\generic\pgf\libraries\shapes\pgflibraryshapes.arrows.code.tex"
File: pgflibraryshapes.arrows.code.tex 2008/06/26 v3.0.1a (rcs-revision 1.1)
))
("C:\Program Files\MiKTeX 2.9\tex\generic\pgf\frontendlayer\tikz\libraries\tikzlibraryshapes.callouts.code.tex"
("C:\Program Files\MiKTeX 2.9\tex\generic\pgf\libraries\shapes\pgflibraryshapes.callouts.code.tex"))
("C:\Program Files\MiKTeX 2.9\tex\generic\pgf\frontendlayer\tikz\libraries\tikzlibraryshapes.multipart.code.tex"
File: tikzlibraryshapes.multipart.code.tex 2008/01/09 v3.0.1a (rcs-revision 1.1)

("C:\Program Files\MiKTeX 2.9\tex\generic\pgf\libraries\shapes\pgflibraryshapes.multipart.code.tex"
File: pgflibraryshapes.multipart.code.tex 2010/01/07 v3.0.1a (rcs-revision 1.2)
\pgfnodepartlowerbox=\box63
\pgfnodeparttwobox=\box64
\pgfnodepartthreebox=\box65
\pgfnodepartfourbox=\box66
\pgfnodeparttwentybox=\box67
\pgfnodepartnineteenbox=\box68
\pgfnodeparteighteenbox=\box69
\pgfnodepartseventeenbox=\box70
\pgfnodepartsixteenbox=\box71
\pgfnodepartfifteenbox=\box72
\pgfnodepartfourteenbox=\box73
\pgfnodepartthirteenbox=\box74
\pgfnodeparttwelvebox=\box75
\pgfnodepartelevenbox=\box76
\pgfnodeparttenbox=\box77
\pgfnodepartninebox=\box78
\pgfnodeparteightbox=\box79
\pgfnodepartsevenbox=\box80
\pgfnodepartsixbox=\box81
\pgfnodepartfivebox=\box82
)))
("C:\Program Files\MiKTeX 2.9\tex\generic\pgf\frontendlayer\tikz\libraries\tikzlibrarysnakes.code.tex"
File: tikzlibrarysnakes.code.tex 2013/07/15 v3.0.1a (rcs-revision 1.7)


Package pgf Warning: Snakes have been superseded by decorations. Please use the decoration libraries instead of the snak
es library on input line 14.

) ("C:\Program Files\MiKTeX 2.9\tex\generic\pgf\frontendlayer\tikz\libraries\tikzlibrarycalc.code.tex"
File: tikzlibrarycalc.code.tex 2013/07/15 v3.0.1a (rcs-revision 1.9)
)
("C:\Program Files\MiKTeX 2.9\tex\generic\pgf\frontendlayer\tikz\libraries\tikzlibrarychains.code.tex"
File: tikzlibrarychains.code.tex 2013/07/15 v3.0.1a (rcs-revision 1.6)
)
("C:\Program Files\MiKTeX 2.9\tex\generic\pgf\frontendlayer\tikz\libraries\tikzlibrarymatrix.code.tex"
File: tikzlibrarymatrix.code.tex 2013/07/12 v3.0.1a (rcs-revision 1.4)
)
("C:\Program Files\MiKTeX 2.9\tex\latex\multirow\multirow.sty"
Package: multirow 2016/11/25 v2.2 Span multiple rows of a table
\multirow@colwidth=\skip63
\multirow@cntb=\count183
\multirow@dima=\skip64
\bigstrutjot=\dimen287
) (main.aux

LaTeX Warning: Label `eq:pairwise' multiply defined.


LaTeX Warning: Label `eq:pairwise' multiply defined.


LaTeX Warning: Label `eq:pairwise' multiply defined.

)
\openout1 = `main.aux'.

LaTeX Font Info:    Checking defaults for OML/cmm/m/it on input line 219.
LaTeX Font Info:    ... okay on input line 219.
LaTeX Font Info:    Checking defaults for T1/cmr/m/n on input line 219.
LaTeX Font Info:    ... okay on input line 219.
LaTeX Font Info:    Checking defaults for OT1/cmr/m/n on input line 219.
LaTeX Font Info:    ... okay on input line 219.
LaTeX Font Info:    Checking defaults for OMS/cmsy/m/n on input line 219.
LaTeX Font Info:    ... okay on input line 219.
LaTeX Font Info:    Checking defaults for OMX/cmex/m/n on input line 219.
LaTeX Font Info:    ... okay on input line 219.
LaTeX Font Info:    Checking defaults for U/cmr/m/n on input line 219.
LaTeX Font Info:    ... okay on input line 219.
LaTeX Font Info:    Checking defaults for PD1/pdf/m/n on input line 219.
LaTeX Font Info:    ... okay on input line 219.

*geometry* driver: auto-detecting
*geometry* detected driver: pdftex
*geometry* verbose mode - [ preamble ] result:
* driver: pdftex
* paper: custom
* layout: <same size as paper>
* layoutoffset:(h,v)=(0.0pt,0.0pt)
* modes: includehead includefoot 
* h-part:(L,W,R)=(10.95003pt, 342.2953pt, 10.95003pt)
* v-part:(T,H,B)=(0.0pt, 273.14662pt, 0.0pt)
* \paperwidth=364.19536pt
* \paperheight=273.14662pt
* \textwidth=342.2953pt
* \textheight=244.6939pt
* \oddsidemargin=-61.31996pt
* \evensidemargin=-61.31996pt
* \topmargin=-72.26999pt
* \headheight=14.22636pt
* \headsep=0.0pt
* \topskip=11.0pt
* \footskip=14.22636pt
* \marginparwidth=4.0pt
* \marginparsep=10.0pt
* \columnsep=10.0pt
* \skip\footins=10.0pt plus 4.0pt minus 2.0pt
* \hoffset=0.0pt
* \voffset=0.0pt
* \mag=1000
* \@twocolumnfalse
* \@twosidefalse
* \@mparswitchfalse
* \@reversemarginfalse
* (1in=72.27pt=25.4mm, 1cm=28.453pt)

("C:\Program Files\MiKTeX 2.9\tex\context\base\supp-pdf.mkii"
[Loading MPS to PDF converter (version 2006.09.02).]
\scratchcounter=\count184
\scratchdimen=\dimen288
\scratchbox=\box83
\nofMPsegments=\count185
\nofMParguments=\count186
\everyMPshowfont=\toks54
\MPscratchCnt=\count187
\MPscratchDim=\dimen289
\MPnumerator=\count188
\makeMPintoPDFobject=\count189
\everyMPtoPDFconversion=\toks55
) ("C:\Program Files\MiKTeX 2.9\tex\latex\oberdiek\epstopdf-base.sty"
Package: epstopdf-base 2016/05/15 v2.6 Base part for package epstopdf

("C:\Program Files\MiKTeX 2.9\tex\latex\oberdiek\grfext.sty"
Package: grfext 2016/05/16 v1.2 Manage graphics extensions (HO)
)
Package epstopdf-base Info: Redefining graphics rule for `.eps' on input line 438.
Package grfext Info: Graphics extension search list:
(grfext)             [.pdf,.png,.jpg,.mps,.jpeg,.jbig2,.jb2,.PDF,.PNG,.JPG,.JPEG,.JBIG2,.JB2,.eps]
(grfext)             \AppendGraphicsExtensions on input line 456.
) ABD: EveryShipout initializing macros
\AtBeginShipoutBox=\box84
Package hyperref Info: Link coloring OFF on input line 219.

("C:\Program Files\MiKTeX 2.9\tex\latex\hyperref\nameref.sty"
Package: nameref 2016/05/21 v2.44 Cross-referencing by name of section

("C:\Program Files\MiKTeX 2.9\tex\generic\oberdiek\gettitlestring.sty"
Package: gettitlestring 2016/05/16 v1.5 Cleanup title references (HO)
)
\c@section@level=\count190
)
LaTeX Info: Redefining \ref on input line 219.
LaTeX Info: Redefining \pageref on input line 219.
LaTeX Info: Redefining \nameref on input line 219.
 (main.out) (main.out)
\@outlinefile=\write5
\openout5 = `main.out'.


("C:\Program Files\MiKTeX 2.9\tex\latex\beamer\translator\dicts\translator-basic-dictionary\translator-basic-dictionary-
English.dict"
Dictionary: translator-basic-dictionary, Language: English 
)
("C:\Program Files\MiKTeX 2.9\tex\latex\beamer\translator\dicts\translator-bibliography-dictionary\translator-bibliograp
hy-dictionary-English.dict"
Dictionary: translator-bibliography-dictionary, Language: English 
)
("C:\Program Files\MiKTeX 2.9\tex\latex\beamer\translator\dicts\translator-environment-dictionary\translator-environment
-dictionary-English.dict"
Dictionary: translator-environment-dictionary, Language: English 
)
("C:\Program Files\MiKTeX 2.9\tex\latex\beamer\translator\dicts\translator-months-dictionary\translator-months-dictionar
y-English.dict"
Dictionary: translator-months-dictionary, Language: English 
)
("C:\Program Files\MiKTeX 2.9\tex\latex\beamer\translator\dicts\translator-numbers-dictionary\translator-numbers-diction
ary-English.dict"
Dictionary: translator-numbers-dictionary, Language: English 
)
("C:\Program Files\MiKTeX 2.9\tex\latex\beamer\translator\dicts\translator-theorem-dictionary\translator-theorem-diction
ary-English.dict"
Dictionary: translator-theorem-dictionary, Language: English 
)

Package pgfplots Warning: running in backwards compatibility mode (unsuitable tick labels; missing features). Consider w
riting \pgfplotsset{compat=1.15} into your preamble.
 on input line 219.

(main.nav)
LaTeX Font Info:    Try loading font information for U+msa on input line 221.
 ("C:\Program Files\MiKTeX 2.9\tex\latex\amsfonts\umsa.fd"
File: umsa.fd 2013/01/14 v3.01 AMS symbols A
)
LaTeX Font Info:    Try loading font information for U+msb on input line 221.

("C:\Program Files\MiKTeX 2.9\tex\latex\amsfonts\umsb.fd"
File: umsb.fd 2013/01/14 v3.01 AMS symbols B
)
LaTeX Font Info:    Try loading font information for U+stmry on input line 221.
 ("C:\Program Files\MiKTeX 2.9\tex\latex\stmaryrd\ustmry.fd")
[1

{C:/Users/Willem/AppData/Local/MiKTeX/2.9/pdftex/config/pdftex.map}]
<Figures/nl.jpg, id=47, 1170.3725pt x 806.01125pt>
File: Figures/nl.jpg Graphic file (type jpg)
<use Figures/nl.jpg>
Package pdftex.def Info: Figures/nl.jpg  used on input line 239. on input line 239.
Package pdftex.def Info: Requested size: 351.11446pt x 241.80524pt on input line 239.
 [2

 <./Figures/nl.jpg>]
<Figures/pictures/Slide2.jpg, id=53, 722.7pt x 542.025pt>
File: Figures/pictures/Slide2.jpg Graphic file (type jpg)
<use Figures/pictures/Slide2.jpg>
Package pdftex.def Info: Figures/pictures/Slide2.jpg  used on input line 247. on input line 247.
Package pdftex.def Info: Requested size: 308.06367pt x 218.62741pt on input line 247.
 [3

 <./Figures/pictures/Slide2.jpg>]
<pics/proteinl.png, id=61, 666.49pt x 663.47874pt>
File: pics/proteinl.png Graphic file (type png)
<use pics/proteinl.png>
Package pdftex.def Info: pics/proteinl.png  used on input line 255. on input line 255.
Package pdftex.def Info: Requested size: 239.60567pt x 238.51807pt on input line 255.
 [4

 <./pics/proteinl.png>]
<Figures/pictures/Slide1.jpg, id=69, 722.7pt x 542.025pt>
File: Figures/pictures/Slide1.jpg Graphic file (type jpg)
<use Figures/pictures/Slide1.jpg>
Package pdftex.def Info: Figures/pictures/Slide1.jpg  used on input line 261. on input line 261.
Package pdftex.def Info: Requested size: 308.06367pt x 218.62741pt on input line 261.
 [5

 <./Figures/pictures/Slide1.jpg>]
<Figures/school_shopping.jpg, id=77, 1033.8625pt x 376.40625pt>
File: Figures/school_shopping.jpg Graphic file (type jpg)
<use Figures/school_shopping.jpg>
Package pdftex.def Info: Figures/school_shopping.jpg  used on input line 269. on input line 269.
Package pdftex.def Info: Requested size: 342.2953pt x 124.62222pt on input line 269.
 [6

 <./Figures/school_shopping.jpg>]
<Figures/pictures/Slide3.jpg, id=83, 722.7pt x 542.025pt>
File: Figures/pictures/Slide3.jpg Graphic file (type jpg)
<use Figures/pictures/Slide3.jpg>
Package pdftex.def Info: Figures/pictures/Slide3.jpg  used on input line 275. on input line 275.
Package pdftex.def Info: Requested size: 308.06367pt x 218.62741pt on input line 275.
 [7

 <./Figures/pictures/Slide3.jpg>]
<Figures/pictures/Slide20.jpg, id=92, 722.7pt x 542.025pt>
File: Figures/pictures/Slide20.jpg Graphic file (type jpg)
<use Figures/pictures/Slide20.jpg>
Package pdftex.def Info: Figures/pictures/Slide20.jpg  used on input line 316. on input line 316.
Package pdftex.def Info: Requested size: 342.2953pt x 223.44156pt on input line 316.

Overfull \vbox (16.16844pt too high) detected at line 316
 []

[8

 <./Figures/pictures/Slide20.jpg>]
<Figures/dami.jpg, id=100, 1271.75125pt x 786.94pt>
File: Figures/dami.jpg Graphic file (type jpg)
<use Figures/dami.jpg>
Package pdftex.def Info: Figures/dami.jpg  used on input line 325. on input line 325.
Package pdftex.def Info: Requested size: 342.2953pt x 211.8042pt on input line 325.

Overfull \vbox (2.86858pt too high) detected at line 325
 []

[9

 <./Figures/dami.jpg>] (main.toc) [10

]

LaTeX Font Warning: Font shape `U/stmry/b/n' undefined
(Font)              using `U/stmry/m/n' instead on input line 403.

[11

] [12

] [13

] [14

] [15

] [16

]
File: Figures/pictures/Slide1.jpg Graphic file (type jpg)
<use Figures/pictures/Slide1.jpg>
Package pdftex.def Info: Figures/pictures/Slide1.jpg  used on input line 431. on input line 431.
Package pdftex.def Info: Requested size: 308.06367pt x 218.62741pt on input line 431.
 [17

] [18

]
File: Figures/pictures/Slide3.jpg Graphic file (type jpg)
<use Figures/pictures/Slide3.jpg>
Package pdftex.def Info: Figures/pictures/Slide3.jpg  used on input line 449. on input line 449.
Package pdftex.def Info: Requested size: 308.06367pt x 218.62741pt on input line 449.
 [19

] [20

]
File: Figures/pictures/Slide2.jpg Graphic file (type jpg)
<use Figures/pictures/Slide2.jpg>
Package pdftex.def Info: Figures/pictures/Slide2.jpg  used on input line 467. on input line 467.
Package pdftex.def Info: Requested size: 308.06367pt x 218.62741pt on input line 467.
 [21

] [22

]
<Figures/pictures/labelranking.jpg, id=202, 719.68875pt x 400.49625pt>
File: Figures/pictures/labelranking.jpg Graphic file (type jpg)
<use Figures/pictures/labelranking.jpg>
Package pdftex.def Info: Figures/pictures/labelranking.jpg  used on input line 495. on input line 495.
Package pdftex.def Info: Requested size: 273.83728pt x 152.39182pt on input line 495.
 [23

 <./Figures/pictures/labelranking.jpg>]
<Figures/pictures/Slide5.jpg, id=208, 722.7pt x 542.025pt>
File: Figures/pictures/Slide5.jpg Graphic file (type jpg)
<use Figures/pictures/Slide5.jpg>
Package pdftex.def Info: Figures/pictures/Slide5.jpg  used on input line 506. on input line 506.
Package pdftex.def Info: Requested size: 256.72147pt x 223.59633pt on input line 506.

Overfull \vbox (16.32321pt too high) detected at line 506
 []

[24

 <./Figures/pictures/Slide5.jpg>]
<Figures/pictures/Slide6.jpg, id=216, 722.7pt x 542.025pt>
File: Figures/pictures/Slide6.jpg Graphic file (type jpg)
<use Figures/pictures/Slide6.jpg>
Package pdftex.def Info: Figures/pictures/Slide6.jpg  used on input line 514. on input line 514.
Package pdftex.def Info: Requested size: 273.83728pt x 225.24997pt on input line 514.

Overfull \vbox (17.97685pt too high) detected at line 514
 []

[25

 <./Figures/pictures/Slide6.jpg>]
<Figures/pictures/Slide4.jpg, id=225, 722.7pt x 542.025pt>
File: Figures/pictures/Slide4.jpg Graphic file (type jpg)
<use Figures/pictures/Slide4.jpg>
Package pdftex.def Info: Figures/pictures/Slide4.jpg  used on input line 521. on input line 521.
Package pdftex.def Info: Requested size: 308.06367pt x 192.54004pt on input line 521.
 [26

 <./Figures/pictures/Slide4.jpg>] [27

] [28

] [29

]
<Figures/pictures/Slide7.jpg, id=249, 722.7pt x 542.025pt>
File: Figures/pictures/Slide7.jpg Graphic file (type jpg)
<use Figures/pictures/Slide7.jpg>
Package pdftex.def Info: Figures/pictures/Slide7.jpg  used on input line 576. on input line 576.
Package pdftex.def Info: Requested size: 308.06367pt x 205.37608pt on input line 576.

Overfull \vbox (1.54047pt too high) detected at line 576
 []

[30

 <./Figures/pictures/Slide7.jpg>]
<Figures/pictures/Slide16.jpg, id=257, 722.7pt x 542.025pt>
File: Figures/pictures/Slide16.jpg Graphic file (type jpg)
<use Figures/pictures/Slide16.jpg>
Package pdftex.def Info: Figures/pictures/Slide16.jpg  used on input line 582. on input line 582.
Package pdftex.def Info: Requested size: 308.06367pt x 231.04817pt on input line 582.

Overfull \vbox (11.15598pt too high) detected at line 582
 []

[31

 <./Figures/pictures/Slide16.jpg>] [32

] [33

] [34

] [35

] [36

] [37

] [38

] [39

] [40

]
<Figures/pictures/multiclass0.jpg, id=311, 331.2375pt x 401.5pt>
File: Figures/pictures/multiclass0.jpg Graphic file (type jpg)
<use Figures/pictures/multiclass0.jpg>
Package pdftex.def Info: Figures/pictures/multiclass0.jpg  used on input line 654. on input line 654.
Package pdftex.def Info: Requested size: 102.68962pt x 124.46983pt on input line 654.
<Figures/pictures/multiclass.jpg, id=312, 659.46375pt x 400.49625pt>
File: Figures/pictures/multiclass.jpg Graphic file (type jpg)
<use Figures/pictures/multiclass.jpg>
Package pdftex.def Info: Figures/pictures/multiclass.jpg  used on input line 654. on input line 654.
Package pdftex.def Info: Requested size: 205.37926pt x 124.72699pt on input line 654.
 [41

 <./Figures/pictures/multiclass0.jpg> <./Figures/pictures/multiclass.jpg>]
<Figures/pictures/decomposition.jpg, id=318, 396.48125pt x 194.7275pt>
File: Figures/pictures/decomposition.jpg Graphic file (type jpg)
<use Figures/pictures/decomposition.jpg>
Package pdftex.def Info: Figures/pictures/decomposition.jpg  used on input line 676. on input line 676.
Package pdftex.def Info: Requested size: 188.26346pt x 92.46382pt on input line 676.
 [42

 <./Figures/pictures/decomposition.jpg>] [43

] (main.toc) [44

] [45

] [46

]
[47

] [48

] [49

] [50

] [51

] [52

] [53

] [54

] [55

] [56

] [57

] [58

] [59

] [60

] [61

] [62

] [63

] [64

] [65

] [66

]
<Figures/pictures/fmeasure.jpg, id=455, 428.60126pt x 200.75pt>
File: Figures/pictures/fmeasure.jpg Graphic file (type jpg)
<use Figures/pictures/fmeasure.jpg>
Package pdftex.def Info: Figures/pictures/fmeasure.jpg  used on input line 991. on input line 991.
Package pdftex.def Info: Requested size: 171.14764pt x 80.16379pt on input line 991.
 [67

 <./Figures/pictures/fmeasure.jpg>]
File: Figures/pictures/fmeasure.jpg Graphic file (type jpg)
<use Figures/pictures/fmeasure.jpg>
Package pdftex.def Info: Figures/pictures/fmeasure.jpg  used on input line 991. on input line 991.
Package pdftex.def Info: Requested size: 171.14764pt x 80.16379pt on input line 991.
 [68

] [69

] [70

] [71

] [72

] [73

] [74

] [75

] [76

] [77

]
Overfull \vbox (5.12189pt too high) detected at line 1187
 []

[78

] [79

] [80

] [81

] [82

] [83

] [84

]
<pics/ind-1.pdf, id=562, pagebox=cropbox, 361.35pt x 361.35pt>
File: pics/ind-1.pdf Graphic file (type pdf)
<use pics/ind-1.pdf>
Package pdftex.def Info: pics/ind-1.pdf  used on input line 1361. on input line 1361.
Package pdftex.def Info: Requested size: 119.80544pt x 119.80275pt on input line 1361.
<pics/ind-2.pdf, id=563, pagebox=cropbox, 361.35pt x 361.35pt>
File: pics/ind-2.pdf Graphic file (type pdf)
<use pics/ind-2.pdf>
Package pdftex.def Info: pics/ind-2.pdf  used on input line 1361. on input line 1361.
Package pdftex.def Info: Requested size: 119.80544pt x 119.80275pt on input line 1361.

Overfull \vbox (2.26076pt too high) detected at line 1361
 []

[85

 <./pics/ind-1.pdf> <./pics/ind-2.pdf>]
<pics/dep-1.pdf, id=582, pagebox=cropbox, 361.35pt x 361.35pt>
File: pics/dep-1.pdf Graphic file (type pdf)
<use pics/dep-1.pdf>
Package pdftex.def Info: pics/dep-1.pdf  used on input line 1385. on input line 1385.
Package pdftex.def Info: Requested size: 119.80544pt x 119.80275pt on input line 1385.
<pics/dep-2.pdf, id=583, pagebox=cropbox, 361.35pt x 361.35pt>
File: pics/dep-2.pdf Graphic file (type pdf)
<use pics/dep-2.pdf>
Package pdftex.def Info: pics/dep-2.pdf  used on input line 1385. on input line 1385.
Package pdftex.def Info: Requested size: 119.80544pt x 119.80275pt on input line 1385.

Overfull \vbox (2.26076pt too high) detected at line 1385
 []

[86

 <./pics/dep-1.pdf> <./pics/dep-2.pdf>]

LaTeX Font Warning: Font shape `OT1/cmss/m/sc' in size <10> not available
(Font)              Font shape `OT1/cmr/m/sc' tried instead on input line 1431.

[87

] [88

] [89

] [90

] [91

] [92

] [93

] (main.toc) [94

]
<pics/tools.png, id=647, 582.175pt x 331.2375pt>
File: pics/tools.png Graphic file (type png)
<use pics/tools.png>
Package pdftex.def Info: pics/tools.png  used on input line 1531. on input line 1531.
Package pdftex.def Info: Requested size: 174.65384pt x 99.37201pt on input line 1531.
 [95

 <./pics/tools.png>]
<Figures/pictures/Slide13.jpg, id=654, 722.7pt x 542.025pt>
File: Figures/pictures/Slide13.jpg Graphic file (type jpg)
<use Figures/pictures/Slide13.jpg>
Package pdftex.def Info: Figures/pictures/Slide13.jpg  used on input line 1543. on input line 1543.
Package pdftex.def Info: Requested size: 308.06367pt x 218.62741pt on input line 1543.
 [96

 <./Figures/pictures/Slide13.jpg>]
<Figures/pictures/Slide14.jpg, id=662, 722.7pt x 542.025pt>
File: Figures/pictures/Slide14.jpg Graphic file (type jpg)
<use Figures/pictures/Slide14.jpg>
Package pdftex.def Info: Figures/pictures/Slide14.jpg  used on input line 1548. on input line 1548.
Package pdftex.def Info: Requested size: 308.06367pt x 218.62741pt on input line 1548.

[97

 <./Figures/pictures/Slide14.jpg>]
<Figures/pictures/Slide15.jpg, id=671, 722.7pt x 542.025pt>
File: Figures/pictures/Slide15.jpg Graphic file (type jpg)
<use Figures/pictures/Slide15.jpg>
Package pdftex.def Info: Figures/pictures/Slide15.jpg  used on input line 1553. on input line 1553.
Package pdftex.def Info: Requested size: 308.06367pt x 218.62741pt on input line 1553.
 [98

 <./Figures/pictures/Slide15.jpg>] [99

]
<Figures/barplots.jpg, id=687, 722.7pt x 542.025pt>
File: Figures/barplots.jpg Graphic file (type jpg)
<use Figures/barplots.jpg>
Package pdftex.def Info: Figures/barplots.jpg  used on input line 1586. on input line 1586.
Package pdftex.def Info: Requested size: 325.21199pt x 176.15633pt on input line 1586.
 [100

 <./Figures/barplots.jpg>]
<Figures/dismec.jpg, id=695, 1166.3575pt x 674.52pt>
File: Figures/dismec.jpg Graphic file (type jpg)
<use Figures/dismec.jpg>
Package pdftex.def Info: Figures/dismec.jpg  used on input line 1597. on input line 1597.
Package pdftex.def Info: Requested size: 349.90994pt x 202.35756pt on input line 1597.

Overfull \hbox (7.61464pt too wide) in paragraph at lines 1597--1597
 [][] 
 []

[101

 <./Figures/dismec.jpg>]
File: pics/tools.png Graphic file (type png)
<use pics/tools.png>
Package pdftex.def Info: pics/tools.png  used on input line 1687. on input line 1687.
Package pdftex.def Info: Requested size: 174.65384pt x 99.37201pt on input line 1687.
 [102

]
\openout4 = `main.vrb'.

 (main.vrb) [103

]
<Figures/pictures/Dia21.jpg, id=721, 722.7pt x 542.025pt>
File: Figures/pictures/Dia21.jpg Graphic file (type jpg)
<use Figures/pictures/Dia21.jpg>
Package pdftex.def Info: Figures/pictures/Dia21.jpg  used on input line 1806. on input line 1806.
Package pdftex.def Info: Requested size: 308.06367pt x 111.61865pt on input line 1806.
 [104

 <./Figures/pictures/Dia21.jpg>]
File: Figures/pictures/Dia21.jpg Graphic file (type jpg)
<use Figures/pictures/Dia21.jpg>
Package pdftex.def Info: Figures/pictures/Dia21.jpg  used on input line 1806. on input line 1806.
Package pdftex.def Info: Requested size: 308.06367pt x 111.61865pt on input line 1806.
 [105

]
Missing character: There is no ; in font nullfont!
Missing character: There is no ; in font nullfont!
Missing character: There is no ; in font nullfont!
 [106

]
Missing character: There is no ; in font nullfont!
Missing character: There is no ; in font nullfont!
Missing character: There is no ; in font nullfont!
 [107

]
<Figures/weightsharing.png, id=746, 488.26317pt x 264.40244pt>
File: Figures/weightsharing.png Graphic file (type png)
<use Figures/weightsharing.png>
Package pdftex.def Info: Figures/weightsharing.png  used on input line 1977. on input line 1977.
Package pdftex.def Info: Requested size: 292.96014pt x 158.64267pt on input line 1977.
 [108

 <./Figures/weightsharing.png>]
<Figures/pretrain2.jpg, id=753, 702.625pt x 447.6725pt>
File: Figures/pretrain2.jpg Graphic file (type jpg)
<use Figures/pretrain2.jpg>
Package pdftex.def Info: Figures/pretrain2.jpg  used on input line 1985. on input line 1985.
Package pdftex.def Info: Requested size: 281.04501pt x 179.06583pt on input line 1985.

Overfull \vbox (2.29272pt too high) detected at line 1985
 []

[109

 <./Figures/pretrain2.jpg>]
<Figures/interaction.png, id=760, 260.975pt x 194.7275pt>
File: Figures/interaction.png Graphic file (type png)
<use Figures/interaction.png>
Package pdftex.def Info: Figures/interaction.png  used on input line 2001. on input line 2001.
Package pdftex.def Info: Requested size: 130.48718pt x 97.3635pt on input line 2001.
 [110

 <./Figures/interaction.png>]
<Figures/biva.png, id=771, 341.53014pt x 174.5115pt>
File: Figures/biva.png Graphic file (type png)
<use Figures/biva.png>
Package pdftex.def Info: Figures/biva.png  used on input line 2021. on input line 2021.
Package pdftex.def Info: Requested size: 128.0374pt x 65.42566pt on input line 2021.
 [111

 <./Figures/biva.png>]
File: Figures/biva.png Graphic file (type png)
<use Figures/biva.png>
Package pdftex.def Info: Figures/biva.png  used on input line 2021. on input line 2021.
Package pdftex.def Info: Requested size: 128.0374pt x 65.42566pt on input line 2021.
 [112

]
File: Figures/biva.png Graphic file (type png)
<use Figures/biva.png>
Package pdftex.def Info: Figures/biva.png  used on input line 2021. on input line 2021.
Package pdftex.def Info: Requested size: 128.0374pt x 65.42566pt on input line 2021.
 [113

]
<Figures/JS.png, id=788, 355.3275pt x 245.63196pt>
File: Figures/JS.png Graphic file (type png)
<use Figures/JS.png>
Package pdftex.def Info: Figures/JS.png  used on input line 2044. on input line 2044.
Package pdftex.def Info: Requested size: 199.16928pt x 137.68413pt on input line 2044.
 [114

 <./Figures/JS.png>]
File: Figures/JS.png Graphic file (type png)
<use Figures/JS.png>
Package pdftex.def Info: Figures/JS.png  used on input line 2044. on input line 2044.
Package pdftex.def Info: Requested size: 199.16928pt x 137.68413pt on input line 2044.
 [115

]
File: pics/tools.png Graphic file (type png)
<use pics/tools.png>
Package pdftex.def Info: pics/tools.png  used on input line 2065. on input line 2065.
Package pdftex.def Info: Requested size: 174.65384pt x 99.37201pt on input line 2065.
 [116

]
File: Figures/pictures/Slide16.jpg Graphic file (type jpg)
<use Figures/pictures/Slide16.jpg>
Package pdftex.def Info: Figures/pictures/Slide16.jpg  used on input line 2071. on input line 2071.
Package pdftex.def Info: Requested size: 308.06367pt x 231.04817pt on input line 2071.

Overfull \vbox (11.15598pt too high) detected at line 2071
 []

[117

]
File: Figures/pictures/Slide5.jpg Graphic file (type jpg)
<use Figures/pictures/Slide5.jpg>
Package pdftex.def Info: Figures/pictures/Slide5.jpg  used on input line 2078. on input line 2078.
Package pdftex.def Info: Requested size: 256.72147pt x 223.59633pt on input line 2078.
 [118

]
<pics/targetrelations.jpg, id=818, 981.6675pt x 316.18124pt>
File: pics/targetrelations.jpg Graphic file (type jpg)
<use pics/targetrelations.jpg>
Package pdftex.def Info: pics/targetrelations.jpg  used on input line 2092. on input line 2092.
Package pdftex.def Info: Requested size: 342.2953pt x 110.24535pt on input line 2092.
 [119

 <./pics/targetrelations.jpg>]
File: pics/targetrelations.jpg Graphic file (type jpg)
<use pics/targetrelations.jpg>
Package pdftex.def Info: pics/targetrelations.jpg  used on input line 2092. on input line 2092.
Package pdftex.def Info: Requested size: 342.2953pt x 110.24535pt on input line 2092.
 [120

]
<Figures/hloss.jpg, id=829, 886.31125pt x 268.00125pt>
File: Figures/hloss.jpg Graphic file (type jpg)
<use Figures/hloss.jpg>
Package pdftex.def Info: Figures/hloss.jpg  used on input line 2105. on input line 2105.
Package pdftex.def Info: Requested size: 342.2953pt x 103.50589pt on input line 2105.
 [121

 <./Figures/hloss.jpg>]
File: pics/targetrelations.jpg Graphic file (type jpg)
<use pics/targetrelations.jpg>
Package pdftex.def Info: pics/targetrelations.jpg  used on input line 2120. on input line 2120.
Package pdftex.def Info: Requested size: 113.82568pt x 67.75357pt on input line 2120.
 [122

]
File: Figures/hloss.jpg Graphic file (type jpg)
<use Figures/hloss.jpg>
Package pdftex.def Info: Figures/hloss.jpg  used on input line 2134. on input line 2134.
Package pdftex.def Info: Requested size: 181.87585pt x 87.1239pt on input line 2134.
 [123

]
File: pics/tools.png Graphic file (type png)
<use pics/tools.png>
Package pdftex.def Info: pics/tools.png  used on input line 2155. on input line 2155.
Package pdftex.def Info: Requested size: 174.65384pt x 99.37201pt on input line 2155.
 [124

]
<pics/hierarchies.jpg, id=857, 931.48pt x 312.16624pt>
File: pics/hierarchies.jpg Graphic file (type jpg)
<use pics/hierarchies.jpg>
Package pdftex.def Info: pics/hierarchies.jpg  used on input line 2171. on input line 2171.
Package pdftex.def Info: Requested size: 342.2953pt x 114.71376pt on input line 2171.
 [125

 <./pics/hierarchies.jpg>]
\openout4 = `main.vrb'.

 (main.vrb) [126

] [127

] [128

]
\openout4 = `main.vrb'.

 (main.vrb) [129

]
<Figures/biomes.jpg, id=885, 1767.60374pt x 615.29875pt>
File: Figures/biomes.jpg Graphic file (type jpg)
<use Figures/biomes.jpg>
Package pdftex.def Info: Figures/biomes.jpg  used on input line 2518. on input line 2518.
Package pdftex.def Info: Requested size: 353.5145pt x 123.05756pt on input line 2518.

Overfull \hbox (11.2192pt too wide) in paragraph at lines 2518--2518
 [] 
 []

[130

 <./Figures/biomes.jpg>]
<Figures/okl.jpg, id=891, 1472.50125pt x 593.21625pt>
File: Figures/okl.jpg Graphic file (type jpg)
<use Figures/okl.jpg>
Package pdftex.def Info: Figures/okl.jpg  used on input line 2534. on input line 2534.
Package pdftex.def Info: Requested size: 294.49504pt x 118.64114pt on input line 2534.
 [131

 <./Figures/okl.jpg>]
<Figures/rules.jpg, id=898, 1016.79875pt x 617.30624pt>
File: Figures/rules.jpg Graphic file (type jpg)
<use Figures/rules.jpg>
Package pdftex.def Info: Figures/rules.jpg  used on input line 2544. on input line 2544.
Package pdftex.def Info: Requested size: 305.04198pt x 185.1933pt on input line 2544.
 [132

 <./Figures/rules.jpg>]
File: Figures/rules.jpg Graphic file (type jpg)
<use Figures/rules.jpg>
Package pdftex.def Info: Figures/rules.jpg  used on input line 2544. on input line 2544.
Package pdftex.def Info: Requested size: 305.04198pt x 185.1933pt on input line 2544.
 [133

]
File: pics/tools.png Graphic file (type png)
<use pics/tools.png>
Package pdftex.def Info: pics/tools.png  used on input line 2566. on input line 2566.
Package pdftex.def Info: Requested size: 174.65384pt x 99.37201pt on input line 2566.
 [134

]
File: Figures/pictures/Slide16.jpg Graphic file (type jpg)
<use Figures/pictures/Slide16.jpg>
Package pdftex.def Info: Figures/pictures/Slide16.jpg  used on input line 2572. on input line 2572.
Package pdftex.def Info: Requested size: 308.06367pt x 231.04817pt on input line 2572.

Overfull \vbox (11.15598pt too high) detected at line 2572
 []

[135

]
File: Figures/pictures/Slide6.jpg Graphic file (type jpg)
<use Figures/pictures/Slide6.jpg>
Package pdftex.def Info: Figures/pictures/Slide6.jpg  used on input line 2579. on input line 2579.
Package pdftex.def Info: Requested size: 273.83728pt x 225.24997pt on input line 2579.
 [136

]
<Figures/semanticclasses.jpg, id=927, 744.7825pt x 439.6425pt>
File: Figures/semanticclasses.jpg Graphic file (type jpg)
<use Figures/semanticclasses.jpg>
Package pdftex.def Info: Figures/semanticclasses.jpg  used on input line 2594. on input line 2594.
Package pdftex.def Info: Requested size: 297.90771pt x 175.85388pt on input line 2594.
 [137

 <./Figures/semanticclasses.jpg>]
<Figures/representations.jpg, id=933, 722.7pt x 542.025pt>
File: Figures/representations.jpg Graphic file (type jpg)
<use Figures/representations.jpg>
Package pdftex.def Info: Figures/representations.jpg  used on input line 2602. on input line 2602.
Package pdftex.def Info: Requested size: 342.2953pt x 213.93338pt on input line 2602.
 [138

 <./Figures/representations.jpg>]
<Figures/word2vec.jpg, id=941, 878.28125pt x 645.41125pt>
File: Figures/word2vec.jpg Graphic file (type jpg)
<use Figures/word2vec.jpg>
Package pdftex.def Info: Figures/word2vec.jpg  used on input line 2620. on input line 2620.
Package pdftex.def Info: Requested size: 175.65314pt x 129.07996pt on input line 2620.

Overfull \hbox (33.38936pt too wide) in paragraph at lines 2620--2620
[][]  
 []

<Figures/kingqueen.jpg, id=942, 602.25pt x 444.66125pt>
File: Figures/kingqueen.jpg Graphic file (type jpg)
<use Figures/kingqueen.jpg>
Package pdftex.def Info: Figures/kingqueen.jpg  used on input line 2620. on input line 2620.
Package pdftex.def Info: Requested size: 120.44786pt x 88.93066pt on input line 2620.
[139

 <./Figures/word2vec.jpg> <./Figures/kingqueen.jpg>]pdfTeX warning (ext4): destination with the same identifier (name{eq
:pairwise}) has been already used, duplicate ignored
<to be read again> 
                   \relax 
l.2645 \end{frame}
                   [140

]
<Figures/pictures/Slide8.jpg, id=954, 722.7pt x 542.025pt>
File: Figures/pictures/Slide8.jpg Graphic file (type jpg)
<use Figures/pictures/Slide8.jpg>
Package pdftex.def Info: Figures/pictures/Slide8.jpg  used on input line 2666. on input line 2666.
Package pdftex.def Info: Requested size: 256.72147pt x 160.45003pt on input line 2666.
 [141

 <./Figures/pictures/Slide8.jpg>]
<Figures/pictures/Slide9.jpg, id=962, 722.7pt x 542.025pt>
File: Figures/pictures/Slide9.jpg Graphic file (type jpg)
<use Figures/pictures/Slide9.jpg>
Package pdftex.def Info: Figures/pictures/Slide9.jpg  used on input line 2673. on input line 2673.
Package pdftex.def Info: Requested size: 256.72147pt x 160.45003pt on input line 2673.
 [142

 <./Figures/pictures/Slide9.jpg>]
<Figures/pictures/Slide10.jpg, id=970, 722.7pt x 542.025pt>
File: Figures/pictures/Slide10.jpg Graphic file (type jpg)
<use Figures/pictures/Slide10.jpg>
Package pdftex.def Info: Figures/pictures/Slide10.jpg  used on input line 2679. on input line 2679.
Package pdftex.def Info: Requested size: 256.72147pt x 160.45003pt on input line 2679.
 [143

 <./Figures/pictures/Slide10.jpg>] [144

] [145

] [146

] [147

] [148

]
<Figures/zero-shot.jpg, id=1004, 648.4225pt x 474.77374pt>
File: Figures/zero-shot.jpg Graphic file (type jpg)
<use Figures/zero-shot.jpg>
Package pdftex.def Info: Figures/zero-shot.jpg  used on input line 2725. on input line 2725.
Package pdftex.def Info: Requested size: 256.72147pt x 187.97186pt on input line 2725.
 [149

 <./Figures/zero-shot.jpg>]pdfTeX warning (ext4): destination with the same identifier (name{eq:pairwise}) has been alre
ady used, duplicate ignored
<to be read again> 
                   \relax 
l.2751 \end{frame}
                  
Overfull \vbox (5.1434pt too high) detected at line 2751
 []

[150

]
File: Figures/interaction.png Graphic file (type png)
<use Figures/interaction.png>
Package pdftex.def Info: Figures/interaction.png  used on input line 2768. on input line 2768.
Package pdftex.def Info: Requested size: 130.48718pt x 97.3635pt on input line 2768.
 [151

]
File: Figures/pictures/Slide5.jpg Graphic file (type jpg)
<use Figures/pictures/Slide5.jpg>
Package pdftex.def Info: Figures/pictures/Slide5.jpg  used on input line 2775. on input line 2775.
Package pdftex.def Info: Requested size: 256.72147pt x 223.59633pt on input line 2775.
 [152

]
<Figures/lc_wiki.pdf, id=1028, pagebox=cropbox, 503.47742pt x 476.03867pt>
File: Figures/lc_wiki.pdf Graphic file (type pdf)
<use Figures/lc_wiki.pdf>
Package pdftex.def Info: Figures/lc_wiki.pdf  used on input line 2786. on input line 2786.
Package pdftex.def Info: Requested size: 222.48985pt x 210.36562pt on input line 2786.
 [153

 <./Figures/lc_wiki.pdf>]
File: pics/tools.png Graphic file (type png)
<use pics/tools.png>
Package pdftex.def Info: pics/tools.png  used on input line 2808. on input line 2808.
Package pdftex.def Info: Requested size: 174.65384pt x 99.37201pt on input line 2808.
 [154

]
File: Figures/pictures/Slide16.jpg Graphic file (type jpg)
<use Figures/pictures/Slide16.jpg>
Package pdftex.def Info: Figures/pictures/Slide16.jpg  used on input line 2814. on input line 2814.
Package pdftex.def Info: Requested size: 308.06367pt x 231.04817pt on input line 2814.

Overfull \vbox (11.15598pt too high) detected at line 2814
 []

[155

]
<pics/lowrank.jpg, id=1058, 744.7825pt x 347.2975pt>
File: pics/lowrank.jpg Graphic file (type jpg)
<use pics/lowrank.jpg>
Package pdftex.def Info: pics/lowrank.jpg  used on input line 2826. on input line 2826.
Package pdftex.def Info: Requested size: 256.0748pt x 119.40971pt on input line 2826.
 [156

 <./pics/lowrank.jpg>]
<Figures/nmf2.jpg, id=1064, 367.3725pt x 89.58469pt>
File: Figures/nmf2.jpg Graphic file (type jpg)
<use Figures/nmf2.jpg>
Package pdftex.def Info: Figures/nmf2.jpg  used on input line 2884. on input line 2884.
Package pdftex.def Info: Requested size: 256.72147pt x 62.60632pt on input line 2884.
 [157

 <./Figures/nmf2.jpg>] [158

] (deep.tex) [159

]
<Figures/matrixcompletion2.jpg, id=1083, 881.54344pt x 487.06969pt>
File: Figures/matrixcompletion2.jpg Graphic file (type jpg)
<use Figures/matrixcompletion2.jpg>
Package pdftex.def Info: Figures/matrixcompletion2.jpg  used on input line 3016. on input line 3016.
Package pdftex.def Info: Requested size: 312.9803pt x 172.92952pt on input line 3016.
 [160

 <./Figures/matrixcompletion2.jpg>] [161

]
<pics/settingA.png, id=1094, 715.67375pt x 339.2675pt>
File: pics/settingA.png Graphic file (type png)
<use pics/settingA.png>
Package pdftex.def Info: pics/settingA.png  used on input line 3052. on input line 3052.
Package pdftex.def Info: Requested size: 214.70378pt x 101.78102pt on input line 3052.
pdfTeX warning (ext4): destination with the same identifier (name{eq:pairwise}) has been already used, duplicate ignored

<to be read again> 
                   \relax 
l.3052 \end{frame}
                  
Overfull \vbox (9.11751pt too high) detected at line 3052
 []

[162

 <./pics/settingA.png>]
File: Figures/dismec.jpg Graphic file (type jpg)
<use Figures/dismec.jpg>
Package pdftex.def Info: Figures/dismec.jpg  used on input line 3084. on input line 3084.
Package pdftex.def Info: Requested size: 349.90994pt x 202.35756pt on input line 3084.

Overfull \hbox (7.61464pt too wide) in paragraph at lines 3084--3084
 [][] 
 []

[163

]
<Figures/svd.png, id=1107, 657.95813pt x 218.31563pt>
File: Figures/svd.png Graphic file (type png)
<use Figures/svd.png>
Package pdftex.def Info: Figures/svd.png  used on input line 3101. on input line 3101.
Package pdftex.def Info: Requested size: 328.97826pt x 109.15753pt on input line 3101.
 [164

 <./Figures/svd.png>]
File: Figures/svd.png Graphic file (type png)
<use Figures/svd.png>
Package pdftex.def Info: Figures/svd.png  used on input line 3101. on input line 3101.
Package pdftex.def Info: Requested size: 328.97826pt x 109.15753pt on input line 3101.
 [165

] [166

]
Overfull \vbox (13.65616pt too high) detected at line 3173
 []

[167

]
Overfull \vbox (13.65616pt too high) detected at line 3173
 []

[168

]
Overfull \vbox (13.65616pt too high) detected at line 3173
 []

[169

]
Overfull \vbox (13.65616pt too high) detected at line 3173
 []

[170

]
Overfull \vbox (13.65616pt too high) detected at line 3173
 []

[171

]
Overfull \vbox (13.65616pt too high) detected at line 3173
 []

[172

]
Overfull \vbox (13.65616pt too high) detected at line 3173
 []

[173

]
Overfull \vbox (13.65616pt too high) detected at line 3173
 []

[174

]
Overfull \vbox (13.65616pt too high) detected at line 3173
 []

[175

] [176

]
\tf@nav=\write6
\openout6 = `main.nav'.

\tf@toc=\write7
\openout7 = `main.toc'.

\tf@snm=\write8
\openout8 = `main.snm'.

Package atveryend Info: Empty hook `BeforeClearDocument' on input line 3220.
Package atveryend Info: Empty hook `AfterLastShipout' on input line 3220.
 (main.aux)
Package atveryend Info: Executing hook `AtVeryEndDocument' on input line 3220.
Package atveryend Info: Executing hook `AtEndAfterFileList' on input line 3220.
Package rerunfilecheck Info: File `main.out' has not changed.
(rerunfilecheck)             Checksum: 711D556199578A676A67BC4C990E91AF;282.


LaTeX Font Warning: Some font shapes were not available, defaults substituted.


LaTeX Warning: There were multiply-defined labels.

 ) 
Here is how much of TeX's memory you used:
 35463 strings out of 493314
 861459 string characters out of 3138864
 1056022 words of memory out of 3000000
 37814 multiletter control sequences out of 15000+200000
 26747 words of font info for 99 fonts, out of 3000000 for 9000
 1141 hyphenation exceptions out of 8191
 64i,17n,98p,792b,1835s stack positions out of 5000i,500n,10000p,200000b,50000s
<C:/Program Files/MiKTeX 2.9/fonts/type1/public/amsfonts/cm/cmbx10.pfb><C:/Program Files/MiKTeX 2.9/fonts/type1/public
/amsfonts/cm/cmbx7.pfb><C:/Program Files/MiKTeX 2.9/fonts/type1/public/amsfonts/cm/cmbx8.pfb><C:/Program Files/MiKTeX 2.
9/fonts/type1/public/amsfonts/cm/cmcsc10.pfb><C:/Program Files/MiKTeX 2.9/fonts/type1/public/amsfonts/cm/cmex10.pfb><C:/
Program Files/MiKTeX 2.9/fonts/type1/public/amsfonts/cmextra/cmex8.pfb><C:/Program Files/MiKTeX 2.9/fonts/type1/public/a
msfonts/cm/cmmi10.pfb><C:/Program Files/MiKTeX 2.9/fonts/type1/public/amsfonts/cm/cmmi6.pfb><C:/Program Files/MiKTeX 2.9
/fonts/type1/public/amsfonts/cm/cmmi7.pfb><C:/Program Files/MiKTeX 2.9/fonts/type1/public/amsfonts/cm/cmmi8.pfb><C:/Prog
ram Files/MiKTeX 2.9/fonts/type1/public/amsfonts/cm/cmmib10.pfb><C:/Program Files/MiKTeX 2.9/fonts/type1/public/amsfonts
/cmextra/cmmib8.pfb><C:/Program Files/MiKTeX 2.9/fonts/type1/public/amsfonts/cm/cmr10.pfb><C:/Program Files/MiKTeX 2.9/f
onts/type1/public/amsfonts/cm/cmr12.pfb><C:/Program Files/MiKTeX 2.9/fonts/type1/public/amsfonts/cm/cmr5.pfb><C:/Program
 Files/MiKTeX 2.9/fonts/type1/public/amsfonts/cm/cmr6.pfb><C:/Program Files/MiKTeX 2.9/fonts/type1/public/amsfonts/cm/cm
r7.pfb><C:/Program Files/MiKTeX 2.9/fonts/type1/public/amsfonts/cm/cmr8.pfb><C:/Program Files/MiKTeX 2.9/fonts/type1/pub
lic/amsfonts/cm/cmr9.pfb><C:/Program Files/MiKTeX 2.9/fonts/type1/public/amsfonts/cm/cmss10.pfb><C:/Program Files/MiKTeX
 2.9/fonts/type1/public/amsfonts/cm/cmss12.pfb><C:/Program Files/MiKTeX 2.9/fonts/type1/public/amsfonts/cm/cmss8.pfb><C:
/Program Files/MiKTeX 2.9/fonts/type1/public/amsfonts/cm/cmss9.pfb><C:/Program Files/MiKTeX 2.9/fonts/type1/public/amsfo
nts/cm/cmssbx10.pfb><C:/Program Files/MiKTeX 2.9/fonts/type1/public/amsfonts/cm/cmssi10.pfb><C:/Program Files/MiKTeX 2.9
/fonts/type1/public/amsfonts/cm/cmsy10.pfb><C:/Program Files/MiKTeX 2.9/fonts/type1/public/amsfonts/cm/cmsy6.pfb><C:/Pro
gram Files/MiKTeX 2.9/fonts/type1/public/amsfonts/cm/cmsy8.pfb><C:/Program Files/MiKTeX 2.9/fonts/type1/public/amsfonts/
symbols/msam10.pfb><C:/Program Files/MiKTeX 2.9/fonts/type1/public/amsfonts/symbols/msam7.pfb><C:/Program Files/MiKTeX 2
.9/fonts/type1/public/amsfonts/symbols/msbm10.pfb><C:/Program Files/MiKTeX 2.9/fonts/type1/public/hoekwater/stmary10.pfb
>
Output written on main.pdf (176 pages, 5981757 bytes).
PDF statistics:
 1354 PDF objects out of 1440 (max. 8388607)
 363 named destinations out of 1000 (max. 500000)
 593 words of extra memory for PDF output out of 10000 (max. 10000000)

